2018-06-13 11:50:28,879 - /root/PycharmProjects/policy/main/main.py[line:407] - INFO: match_id = 20180613:101:主队主场状态3胜0平1负
2018-06-13 11:50:28,879 - /root/PycharmProjects/policy/main/main.py[line:410] - INFO: match_id = 20180613:101:客队客场状态0胜1平3负
2018-06-13 11:50:28,880 - /root/PycharmProjects/policy/main/main.py[line:413] - INFO: match_id = 20180613:101:主队|客队交手,主队0胜1平3负
2018-06-13 11:50:28,880 - /root/PycharmProjects/policy/main/main.py[line:421] - INFO: match_id = 20180613:101:最近三场比赛(1)主队:米涅罗美主队进球:1客队进球:2
2018-06-13 11:50:28,880 - /root/PycharmProjects/policy/main/main.py[line:422] - INFO: match_id = 20180613:101:最近三场比赛(2)主队:沙佩科主队进球:3客队进球:1
2018-06-13 11:50:28,880 - /root/PycharmProjects/policy/main/main.py[line:423] - INFO: match_id = 20180613:101:最近三场比赛(3)主队:米涅罗美主队进球:1客队进球:1
2018-06-13 11:50:28,889 - /root/PycharmProjects/policy/main/main.py[line:490] - INFO: match_id = 20180613:101:主队上盘打出概率100%--:主队打出2次，客队平局0次，客队赢球0次
2018-06-13 11:50:28,891 - /root/PycharmProjects/policy/main/main.py[line:816] - INFO: match_id = 20180613:101:ODDSET赔率没有变化1.95|3.2|3.0
2018-06-13 11:50:28,898 - /root/PycharmProjects/policy/main/main.py[line:597] - INFO: match_id = 20180613:101:oddset Only初始赔率:1.95|3.20|3.00 胜:6|平4|负0
2018-06-13 11:50:28,904 - /root/PycharmProjects/policy/main/main.py[line:604] - INFO: match_id = 20180613:101:oddset Only最终赔率:1.95|3.20|3.00 胜:3|平1|负0
2018-06-13 11:50:28,912 - /root/PycharmProjects/policy/main/main.py[line:611] - INFO: match_id = 20180613:101:oddset 初始+最终赔率:1.95|3.20|3.00 胜:2|平1|负0
2018-06-13 11:50:28,912 - /root/PycharmProjects/policy/main/main.py[line:881] - INFO: match_id = 20180613:101:竞彩赔率没有变化1.93|3.05|3.55
2018-06-13 11:50:28,915 - /root/PycharmProjects/policy/main/main.py[line:407] - INFO: match_id = 20180613:102:主队主场状态3胜1平0负
2018-06-13 11:50:28,916 - /root/PycharmProjects/policy/main/main.py[line:410] - INFO: match_id = 20180613:102:客队客场状态0胜0平3负
2018-06-13 11:50:28,916 - /root/PycharmProjects/policy/main/main.py[line:413] - INFO: match_id = 20180613:102:主队|客队交手,主队4胜1平5负
2018-06-13 11:50:28,916 - /root/PycharmProjects/policy/main/main.py[line:421] - INFO: match_id = 20180613:102:最近三场比赛(1)主队:桑托斯主队进球:0客队进球:0
2018-06-13 11:50:28,916 - /root/PycharmProjects/policy/main/main.py[line:422] - INFO: match_id = 20180613:102:最近三场比赛(2)主队:弗鲁米嫩主队进球:3客队进球:2
2018-06-13 11:50:28,917 - /root/PycharmProjects/policy/main/main.py[line:423] - INFO: match_id = 20180613:102:最近三场比赛(3)主队:桑托斯主队进球:2客队进球:1
2018-06-13 11:50:28,936 - /root/PycharmProjects/policy/main/main.py[line:490] - INFO: match_id = 20180613:102:主队上盘打出概率0.6363636363636364主队打出7次，客队平局2次，客队赢球2次
2018-06-13 11:50:28,940 - /root/PycharmProjects/policy/main/main.py[line:783] - INFO: match_id = 20180613:102:立博赔率没有变化2.25|3.1|3.1
2018-06-13 11:50:28,945 - /root/PycharmProjects/policy/main/main.py[line:573] - INFO: match_id = 20180613:102:libo Only初始赔率:2.25|3.10|3.10 胜:1|平2|负2
2018-06-13 11:50:28,950 - /root/PycharmProjects/policy/main/main.py[line:581] - INFO: match_id = 20180613:102:libo Only最终赔率:2.25|3.10|3.10 胜:2|平0|负1
2018-06-13 11:50:28,956 - /root/PycharmProjects/policy/main/main.py[line:816] - INFO: match_id = 20180613:102:ODDSET赔率没有变化1.95|3.2|3.0
2018-06-13 11:50:28,965 - /root/PycharmProjects/policy/main/main.py[line:597] - INFO: match_id = 20180613:102:oddset Only初始赔率:1.95|3.20|3.00 胜:6|平4|负0
2018-06-13 11:50:28,976 - /root/PycharmProjects/policy/main/main.py[line:604] - INFO: match_id = 20180613:102:oddset Only最终赔率:1.95|3.20|3.00 胜:3|平1|负0
2018-06-13 11:50:28,983 - /root/PycharmProjects/policy/main/main.py[line:611] - INFO: match_id = 20180613:102:oddset 初始+最终赔率:1.95|3.20|3.00 胜:2|平1|负0
2018-06-13 11:50:28,983 - /root/PycharmProjects/policy/main/main.py[line:865] - INFO: match_id = 20180613:102:BWIN赔率没有变化2.25|3.1|3.2
2018-06-13 11:50:28,983 - /root/PycharmProjects/policy/main/main.py[line:881] - INFO: match_id = 20180613:102:竞彩赔率没有变化2.05|3.1|3.15
2018-06-13 11:50:28,986 - /root/PycharmProjects/policy/main/main.py[line:407] - INFO: match_id = 20180613:103:主队主场状态0胜2平2负
2018-06-13 11:50:28,987 - /root/PycharmProjects/policy/main/main.py[line:410] - INFO: match_id = 20180613:103:客队客场状态1胜1平2负
2018-06-13 11:50:28,987 - /root/PycharmProjects/policy/main/main.py[line:413] - INFO: match_id = 20180613:103:主队|客队交手,主队6胜2平0负
2018-06-13 11:50:28,987 - /root/PycharmProjects/policy/main/main.py[line:421] - INFO: match_id = 20180613:103:最近三场比赛(1)主队:巴拉纳主队进球:2客队进球:2
2018-06-13 11:50:28,987 - /root/PycharmProjects/policy/main/main.py[line:422] - INFO: match_id = 20180613:103:最近三场比赛(2)主队:克鲁塞罗主队进球:3客队进球:4
2018-06-13 11:50:28,987 - /root/PycharmProjects/policy/main/main.py[line:423] - INFO: match_id = 20180613:103:最近三场比赛(3)主队:克鲁塞罗主队进球:2客队进球:2
2018-06-13 11:50:28,999 - /root/PycharmProjects/policy/main/main.py[line:533] - INFO: match_id = 20180613:103:没有这样的赔率组合
2018-06-13 11:50:29,001 - /root/PycharmProjects/policy/main/main.py[line:816] - INFO: match_id = 20180613:103:ODDSET赔率没有变化2.8|3.2|2.05
2018-06-13 11:50:29,007 - /root/PycharmProjects/policy/main/main.py[line:597] - INFO: match_id = 20180613:103:oddset Only初始赔率:2.80|3.20|2.05 胜:5|平1|负2
2018-06-13 11:50:29,013 - /root/PycharmProjects/policy/main/main.py[line:604] - INFO: match_id = 20180613:103:oddset Only最终赔率:2.80|3.20|2.05 胜:4|平0|负1
2018-06-13 11:50:29,030 - /root/PycharmProjects/policy/main/main.py[line:611] - INFO: match_id = 20180613:103:oddset 初始+最终赔率:2.80|3.20|2.05 胜:4|平0|负1
2018-06-13 11:50:29,030 - /root/PycharmProjects/policy/main/main.py[line:881] - INFO: match_id = 20180613:103:竞彩赔率没有变化3.95|2.85|1.91
2018-06-13 11:50:29,033 - /root/PycharmProjects/policy/main/main.py[line:407] - INFO: match_id = 20180613:104:主队主场状态1胜2平0负
2018-06-13 11:50:29,033 - /root/PycharmProjects/policy/main/main.py[line:410] - INFO: match_id = 20180613:104:客队客场状态2胜1平1负
2018-06-13 11:50:29,033 - /root/PycharmProjects/policy/main/main.py[line:413] - INFO: match_id = 20180613:104:主队|客队交手,主队4胜2平4负
2018-06-13 11:50:29,033 - /root/PycharmProjects/policy/main/main.py[line:421] - INFO: match_id = 20180613:104:最近三场比赛(1)主队:格雷米奥主队进球:5客队进球:0
2018-06-13 11:50:29,034 - /root/PycharmProjects/policy/main/main.py[line:422] - INFO: match_id = 20180613:104:最近三场比赛(2)主队:累体育主队进球:4客队进球:3
2018-06-13 11:50:29,034 - /root/PycharmProjects/policy/main/main.py[line:423] - INFO: match_id = 20180613:104:最近三场比赛(3)主队:格雷米奥主队进球:0客队进球:3
2018-06-13 11:50:29,046 - /root/PycharmProjects/policy/main/main.py[line:533] - INFO: match_id = 20180613:104:客队上盘打出概率0.6客队打出3次，主队平局0次，主队赢球2次
2018-06-13 11:50:29,048 - /root/PycharmProjects/policy/main/main.py[line:829] - INFO: match_id = 20180613:104:ODDSETc满足互咬赔率--2.4|3.1|2.4
2018-06-13 11:50:29,051 - /root/PycharmProjects/policy/main/main.py[line:407] - INFO: match_id = 20180613:105:主队主场状态5胜1平1负
2018-06-13 11:50:29,051 - /root/PycharmProjects/policy/main/main.py[line:410] - INFO: match_id = 20180613:105:客队客场状态4胜0平1负
2018-06-13 11:50:29,051 - /root/PycharmProjects/policy/main/main.py[line:413] - INFO: match_id = 20180613:105:主队|客队交手,主队2胜1平2负
2018-06-13 11:50:29,051 - /root/PycharmProjects/policy/main/main.py[line:421] - INFO: match_id = 20180613:105:最近三场比赛(1)主队:亚特兰大主队进球:1客队进球:3
2018-06-13 11:50:29,051 - /root/PycharmProjects/policy/main/main.py[line:422] - INFO: match_id = 20180613:105:最近三场比赛(2)主队:亚特兰大主队进球:0客队进球:0
2018-06-13 11:50:29,051 - /root/PycharmProjects/policy/main/main.py[line:423] - INFO: match_id = 20180613:105:最近三场比赛(3)主队:哥伦布主队进球:0客队进球:2
2018-06-13 11:50:29,061 - /root/PycharmProjects/policy/main/main.py[line:490] - INFO: match_id = 20180613:105:主队上盘打出概率0.5主队打出7次，客队平局5次，客队赢球2次
2018-06-13 11:50:29,066 - /root/PycharmProjects/policy/main/main.py[line:881] - INFO: match_id = 20180613:105:竞彩赔率没有变化1.78|3.65|3.4
2018-06-13 11:50:29,077 - /root/PycharmProjects/policy/main/main.py[line:407] - INFO: match_id = 20180613:106:主队主场状态2胜0平3负
2018-06-13 11:50:29,077 - /root/PycharmProjects/policy/main/main.py[line:410] - INFO: match_id = 20180613:106:客队客场状态2胜0平2负
2018-06-13 11:50:29,077 - /root/PycharmProjects/policy/main/main.py[line:413] - INFO: match_id = 20180613:106:主队|客队交手,主队3胜2平3负
2018-06-13 11:50:29,077 - /root/PycharmProjects/policy/main/main.py[line:421] - INFO: match_id = 20180613:106:最近三场比赛(1)主队:蒙特利尔主队进球:2客队进球:1
2018-06-13 11:50:29,077 - /root/PycharmProjects/policy/main/main.py[line:422] - INFO: match_id = 20180613:106:最近三场比赛(2)主队:奥兰多城主队进球:3客队进球:3
2018-06-13 11:50:29,077 - /root/PycharmProjects/policy/main/main.py[line:423] - INFO: match_id = 20180613:106:最近三场比赛(3)主队:奥兰多城主队进球:0客队进球:1
2018-06-13 11:50:29,089 - /root/PycharmProjects/policy/main/main.py[line:490] - INFO: match_id = 20180613:106:主队上盘打出概率0.7142857142857143主队打出5次，客队平局2次，客队赢球0次
2018-06-13 11:50:29,091 - /root/PycharmProjects/policy/main/main.py[line:783] - INFO: match_id = 20180613:106:立博赔率没有变化1.95|3.5|3.4
2018-06-13 11:50:29,100 - /root/PycharmProjects/policy/main/main.py[line:573] - INFO: match_id = 20180613:106:libo Only初始赔率:1.95|3.50|3.40 胜:0|平0|负2
2018-06-13 11:50:29,106 - /root/PycharmProjects/policy/main/main.py[line:581] - INFO: match_id = 20180613:106:libo Only最终赔率:1.95|3.50|3.40 胜:3|平1|负0
2018-06-13 11:50:29,114 - /root/PycharmProjects/policy/main/main.py[line:865] - INFO: match_id = 20180613:106:BWIN赔率没有变化1.95|3.6|3.5
2018-06-13 11:50:29,114 - /root/PycharmProjects/policy/main/main.py[line:881] - INFO: match_id = 20180613:106:竞彩赔率没有变化1.8|3.7|3.3
2018-06-13 11:50:29,116 - /root/PycharmProjects/policy/main/main.py[line:407] - INFO: match_id = 20180613:107:主队主场状态2胜2平0负
2018-06-13 11:50:29,116 - /root/PycharmProjects/policy/main/main.py[line:410] - INFO: match_id = 20180613:107:客队客场状态0胜3平1负
2018-06-13 11:50:29,116 - /root/PycharmProjects/policy/main/main.py[line:413] - INFO: match_id = 20180613:107:主队|客队交手,主队3胜1平6负
2018-06-13 11:50:29,117 - /root/PycharmProjects/policy/main/main.py[line:421] - INFO: match_id = 20180613:107:最近三场比赛(1)主队:博塔弗戈主队进球:0客队进球:1
2018-06-13 11:50:29,117 - /root/PycharmProjects/policy/main/main.py[line:422] - INFO: match_id = 20180613:107:最近三场比赛(2)主队:巴竞技主队进球:0客队进球:0
2018-06-13 11:50:29,117 - /root/PycharmProjects/policy/main/main.py[line:423] - INFO: match_id = 20180613:107:最近三场比赛(3)主队:巴竞技主队进球:1客队进球:0
2018-06-13 11:50:29,119 - /root/PycharmProjects/policy/main/main.py[line:330] - WARNING: match_id = 20180613:107:Bet 365 and 澳门初盘全部高水--Bet10 and WebNet 初盘全部高水
2018-06-13 11:50:29,120 - /root/PycharmProjects/policy/main/main.py[line:336] - INFO: match_id = 20180613:107:Bet 365 and 澳门 尾盘全部高水--Bet10 and WebNet 尾盘全部高水
2018-06-13 11:50:29,128 - /root/PycharmProjects/policy/main/main.py[line:490] - INFO: match_id = 20180613:107:客队下盘打出概率100%--主队打出0次，客队平局0次，客队赢球2次
2018-06-13 11:50:29,131 - /root/PycharmProjects/policy/main/main.py[line:865] - INFO: match_id = 20180613:107:BWIN赔率没有变化2.0|3.1|3.9
2018-06-13 11:50:29,131 - /root/PycharmProjects/policy/main/main.py[line:881] - INFO: match_id = 20180613:107:竞彩赔率没有变化1.94|3.1|3.45
2018-06-13 11:50:29,133 - /root/PycharmProjects/policy/main/main.py[line:407] - INFO: match_id = 20180613:108:主队主场状态2胜1平1负
2018-06-13 11:50:29,133 - /root/PycharmProjects/policy/main/main.py[line:410] - INFO: match_id = 20180613:108:客队客场状态2胜1平1负
2018-06-13 11:50:29,133 - /root/PycharmProjects/policy/main/main.py[line:413] - INFO: match_id = 20180613:108:主队|客队交手,主队5胜4平1负
2018-06-13 11:50:29,133 - /root/PycharmProjects/policy/main/main.py[line:421] - INFO: match_id = 20180613:108:最近三场比赛(1)主队:帕梅拉斯主队进球:2客队进球:0
2018-06-13 11:50:29,133 - /root/PycharmProjects/policy/main/main.py[line:422] - INFO: match_id = 20180613:108:最近三场比赛(2)主队:弗拉门戈主队进球:2客队进球:2
2018-06-13 11:50:29,133 - /root/PycharmProjects/policy/main/main.py[line:423] - INFO: match_id = 20180613:108:最近三场比赛(3)主队:帕梅拉斯主队进球:1客队进球:1
2018-06-13 11:50:29,153 - /root/PycharmProjects/policy/main/main.py[line:490] - INFO: match_id = 20180613:108:主队上盘打出概率100%--:主队打出1次，客队平局0次，客队赢球0次
2018-06-13 11:50:29,158 - /root/PycharmProjects/policy/main/main.py[line:816] - INFO: match_id = 20180613:108:ODDSET赔率没有变化1.9|3.2|3.1
2018-06-13 11:50:29,165 - /root/PycharmProjects/policy/main/main.py[line:597] - INFO: match_id = 20180613:108:oddset Only初始赔率:1.90|3.20|3.10 胜:10|平9|负11
2018-06-13 11:50:29,172 - /root/PycharmProjects/policy/main/main.py[line:604] - INFO: match_id = 20180613:108:oddset Only最终赔率:1.90|3.20|3.10 胜:11|平4|负6
2018-06-13 11:50:29,176 - /root/PycharmProjects/policy/main/main.py[line:611] - INFO: match_id = 20180613:108:oddset 初始+最终赔率:1.90|3.20|3.10 胜:7|平2|负5
2018-06-13 11:50:29,177 - /root/PycharmProjects/policy/main/main.py[line:865] - INFO: match_id = 20180613:108:BWIN赔率没有变化2.05|3.3|3.4
2018-06-13 11:50:29,177 - /root/PycharmProjects/policy/main/main.py[line:881] - INFO: match_id = 20180613:108:竞彩赔率没有变化1.81|3.2|3.8
2018-06-13 11:50:29,185 - /root/PycharmProjects/policy/main/main.py[line:407] - INFO: match_id = 20180613:109:主队主场状态3胜1平3负
2018-06-13 11:50:29,185 - /root/PycharmProjects/policy/main/main.py[line:410] - INFO: match_id = 20180613:109:客队客场状态1胜2平5负
2018-06-13 11:50:29,185 - /root/PycharmProjects/policy/main/main.py[line:413] - INFO: match_id = 20180613:109:主队|客队交手,主队5胜2平3负
2018-06-13 11:50:29,185 - /root/PycharmProjects/policy/main/main.py[line:421] - INFO: match_id = 20180613:109:最近三场比赛(1)主队:华盛顿联主队进球:1客队进球:1
2018-06-13 11:50:29,186 - /root/PycharmProjects/policy/main/main.py[line:422] - INFO: match_id = 20180613:109:最近三场比赛(2)主队:多伦多主队进球:2客队进球:0
2018-06-13 11:50:29,186 - /root/PycharmProjects/policy/main/main.py[line:423] - INFO: match_id = 20180613:109:最近三场比赛(3)主队:多伦多主队进球:1客队进球:2
2018-06-13 11:50:29,197 - /root/PycharmProjects/policy/main/main.py[line:490] - INFO: match_id = 20180613:109:客队下盘打出概率100%--主队打出0次，客队平局1次，客队赢球0次
2018-06-13 11:50:29,200 - /root/PycharmProjects/policy/main/main.py[line:816] - INFO: match_id = 20180613:109:ODDSET赔率没有变化1.4|4.0|5.25
2018-06-13 11:50:29,207 - /root/PycharmProjects/policy/main/main.py[line:597] - INFO: match_id = 20180613:109:oddset Only初始赔率:1.40|4.00|5.25 胜:4|平1|负5
2018-06-13 11:50:29,215 - /root/PycharmProjects/policy/main/main.py[line:604] - INFO: match_id = 20180613:109:oddset Only最终赔率:1.40|4.00|5.25 胜:6|平3|负3
2018-06-13 11:50:29,223 - /root/PycharmProjects/policy/main/main.py[line:611] - INFO: match_id = 20180613:109:oddset 初始+最终赔率:1.40|4.00|5.25 胜:1|平1|负3
2018-06-13 11:50:29,224 - /root/PycharmProjects/policy/main/main.py[line:865] - INFO: match_id = 20180613:109:BWIN赔率没有变化1.5|4.2|5.75
2018-06-13 11:50:29,224 - /root/PycharmProjects/policy/main/main.py[line:881] - INFO: match_id = 20180613:109:竞彩赔率没有变化1.35|4.5|6.0
2018-06-13 11:50:29,226 - /root/PycharmProjects/policy/main/main.py[line:407] - INFO: match_id = 20180613:110:主队主场状态4胜1平1负
2018-06-13 11:50:29,226 - /root/PycharmProjects/policy/main/main.py[line:410] - INFO: match_id = 20180613:110:客队客场状态1胜1平3负
2018-06-13 11:50:29,226 - /root/PycharmProjects/policy/main/main.py[line:413] - INFO: match_id = 20180613:110:主队|客队交手,主队3胜2平5负
2018-06-13 11:50:29,226 - /root/PycharmProjects/policy/main/main.py[line:421] - INFO: match_id = 20180613:110:最近三场比赛(1)主队:西雅图主队进球:3客队进球:1
2018-06-13 11:50:29,226 - /root/PycharmProjects/policy/main/main.py[line:422] - INFO: match_id = 20180613:110:最近三场比赛(2)主队:纽约红牛主队进球:2客队进球:0
2018-06-13 11:50:29,227 - /root/PycharmProjects/policy/main/main.py[line:423] - INFO: match_id = 20180613:110:最近三场比赛(3)主队:西雅图主队进球:2客队进球:1
2018-06-13 11:50:29,235 - /root/PycharmProjects/policy/main/main.py[line:490] - INFO: match_id = 20180613:110:主队上盘打出概率0.5主队打出2次，客队平局2次，客队赢球0次
2018-06-13 11:50:29,238 - /root/PycharmProjects/policy/main/main.py[line:865] - INFO: match_id = 20180613:110:BWIN赔率没有变化1.6|3.9|5.0
2018-06-13 11:50:29,242 - /root/PycharmProjects/policy/main/main.py[line:407] - INFO: match_id = 20180613:111:主队主场状态3胜0平1负
2018-06-13 11:50:29,242 - /root/PycharmProjects/policy/main/main.py[line:410] - INFO: match_id = 20180613:111:客队客场状态0胜1平2负
2018-06-13 11:50:29,243 - /root/PycharmProjects/policy/main/main.py[line:413] - INFO: match_id = 20180613:111:主队|客队交手,主队2胜3平3负
2018-06-13 11:50:29,243 - /root/PycharmProjects/policy/main/main.py[line:421] - INFO: match_id = 20180613:111:最近三场比赛(1)主队:米竞技主队进球:1客队进球:1
2018-06-13 11:50:29,243 - /root/PycharmProjects/policy/main/main.py[line:422] - INFO: match_id = 20180613:111:最近三场比赛(2)主队:塞阿拉主队进球:3客队进球:0
2018-06-13 11:50:29,243 - /root/PycharmProjects/policy/main/main.py[line:423] - INFO: match_id = 20180613:111:最近三场比赛(3)主队:塞阿拉主队进球:0客队进球:0
2018-06-13 11:50:29,249 - /root/PycharmProjects/policy/main/main.py[line:490] - INFO: match_id = 20180613:111:主队上盘打出概率100%--:主队打出6次，客队平局0次，客队赢球0次
2018-06-13 11:50:29,254 - /root/PycharmProjects/policy/main/main.py[line:816] - INFO: match_id = 20180613:111:ODDSET赔率没有变化1.25|4.5|8.0
2018-06-13 11:50:29,259 - /root/PycharmProjects/policy/main/main.py[line:597] - INFO: match_id = 20180613:111:oddset Only初始赔率:1.25|4.50|8.00 胜:16|平2|负3
2018-06-13 11:50:29,267 - /root/PycharmProjects/policy/main/main.py[line:604] - INFO: match_id = 20180613:111:oddset Only最终赔率:1.25|4.50|8.00 胜:10|平2|负1
2018-06-13 11:50:29,275 - /root/PycharmProjects/policy/main/main.py[line:611] - INFO: match_id = 20180613:111:oddset 初始+最终赔率:1.25|4.50|8.00 胜:5|平1|负1
2018-06-13 11:50:29,276 - /root/PycharmProjects/policy/main/main.py[line:834] - INFO: match_id = 20180613:111:Beta 365赔率没有变化1.36|4.75|8.5
2018-06-13 11:50:29,276 - /root/PycharmProjects/policy/main/main.py[line:865] - INFO: match_id = 20180613:111:BWIN赔率没有变化1.36|4.75|7.5
2018-06-13 11:50:29,276 - /root/PycharmProjects/policy/main/main.py[line:881] - INFO: match_id = 20180613:111:竞彩赔率没有变化1.2|5.05|10.25
2018-06-13 11:50:29,277 - /root/PycharmProjects/policy/main/main.py[line:407] - INFO: match_id = 20180613:112:主队主场状态3胜1平0负
2018-06-13 11:50:29,277 - /root/PycharmProjects/policy/main/main.py[line:410] - INFO: match_id = 20180613:112:客队客场状态0胜2平1负
2018-06-13 11:50:29,277 - /root/PycharmProjects/policy/main/main.py[line:413] - INFO: match_id = 20180613:112:主队|客队交手,主队5胜2平3负
2018-06-13 11:50:29,277 - /root/PycharmProjects/policy/main/main.py[line:421] - INFO: match_id = 20180613:112:最近三场比赛(1)主队:巴西国际主队进球:6客队进球:0
2018-06-13 11:50:29,277 - /root/PycharmProjects/policy/main/main.py[line:422] - INFO: match_id = 20180613:112:最近三场比赛(2)主队:达伽马主队进球:1客队进球:1
2018-06-13 11:50:29,277 - /root/PycharmProjects/policy/main/main.py[line:423] - INFO: match_id = 20180613:112:最近三场比赛(3)主队:达伽马主队进球:3客队进球:1
2018-06-13 11:50:29,286 - /root/PycharmProjects/policy/main/main.py[line:490] - INFO: match_id = 20180613:112:客队下盘打出概率100%--主队打出0次，客队平局0次，客队赢球1次
2018-06-13 11:50:29,287 - /root/PycharmProjects/policy/main/main.py[line:816] - INFO: match_id = 20180613:112:ODDSET赔率没有变化1.55|3.4|4.75
2018-06-13 11:50:29,292 - /root/PycharmProjects/policy/main/main.py[line:597] - INFO: match_id = 20180613:112:oddset Only初始赔率:1.55|3.40|4.75 胜:2|平1|负3
2018-06-13 11:50:29,296 - /root/PycharmProjects/policy/main/main.py[line:604] - INFO: match_id = 20180613:112:oddset Only最终赔率:1.55|3.40|4.75 胜:4|平2|负2
2018-06-13 11:50:29,304 - /root/PycharmProjects/policy/main/main.py[line:611] - INFO: match_id = 20180613:112:oddset 初始+最终赔率:1.55|3.40|4.75 胜:0|平1|负1
2018-06-13 11:50:29,305 - /root/PycharmProjects/policy/main/main.py[line:881] - INFO: match_id = 20180613:112:竞彩赔率没有变化1.38|3.8|7.05
2018-06-13 11:50:29,308 - /root/PycharmProjects/policy/main/main.py[line:407] - INFO: match_id = 20180613:113:主队主场状态2胜2平0负
2018-06-13 11:50:29,308 - /root/PycharmProjects/policy/main/main.py[line:410] - INFO: match_id = 20180613:113:客队客场状态1胜1平2负
2018-06-13 11:50:29,308 - /root/PycharmProjects/policy/main/main.py[line:413] - INFO: match_id = 20180613:113:主队|客队交手,主队2胜3平5负
2018-06-13 11:50:29,308 - /root/PycharmProjects/policy/main/main.py[line:421] - INFO: match_id = 20180613:113:最近三场比赛(1)主队:巴伊亚主队进球:2客队进球:0
2018-06-13 11:50:29,309 - /root/PycharmProjects/policy/main/main.py[line:422] - INFO: match_id = 20180613:113:最近三场比赛(2)主队:科林蒂安主队进球:3客队进球:0
2018-06-13 11:50:29,309 - /root/PycharmProjects/policy/main/main.py[line:423] - INFO: match_id = 20180613:113:最近三场比赛(3)主队:巴伊亚主队进球:1客队进球:2
2018-06-13 11:50:29,310 - /root/PycharmProjects/policy/main/main.py[line:312] - WARNING: match_id = 20180613:113--Bet 10盘口连升两级或以上-From:0.0--->To:0.5
2018-06-13 11:50:29,318 - /root/PycharmProjects/policy/main/main.py[line:490] - INFO: match_id = 20180613:113:主队上盘打出概率0.4166666666666667主队打出5次，客队平局3次，客队赢球4次
2018-06-13 11:50:29,319 - /root/PycharmProjects/policy/main/main.py[line:827] - INFO: match_id = 20180613:113:ODDSETi满足互咬赔率--2.4|3.0|2.45
2018-06-13 11:50:29,319 - /root/PycharmProjects/policy/main/main.py[line:881] - INFO: match_id = 20180613:113:竞彩赔率没有变化1.89|3.0|3.75
2018-06-13 11:50:29,321 - /root/PycharmProjects/policy/main/main.py[line:407] - INFO: match_id = 20180613:114:主队主场状态2胜1平3负
2018-06-13 11:50:29,321 - /root/PycharmProjects/policy/main/main.py[line:410] - INFO: match_id = 20180613:114:客队客场状态2胜1平2负
2018-06-13 11:50:29,322 - /root/PycharmProjects/policy/main/main.py[line:413] - INFO: match_id = 20180613:114:主队|客队交手,主队3胜2平5负
2018-06-13 11:50:29,322 - /root/PycharmProjects/policy/main/main.py[line:421] - INFO: match_id = 20180613:114:最近三场比赛(1)主队:芝加哥主队进球:3客队进球:0
2018-06-13 11:50:29,322 - /root/PycharmProjects/policy/main/main.py[line:422] - INFO: match_id = 20180613:114:最近三场比赛(2)主队:科罗拉多主队进球:2客队进球:1
2018-06-13 11:50:29,322 - /root/PycharmProjects/policy/main/main.py[line:423] - INFO: match_id = 20180613:114:最近三场比赛(3)主队:芝加哥主队进球:0客队进球:1
2018-06-13 11:50:29,335 - /root/PycharmProjects/policy/main/main.py[line:490] - INFO: match_id = 20180613:114:主队上盘打出概率0.2857142857142857主队打出2次，客队平局4次，客队赢球1次
2018-06-13 11:50:29,339 - /root/PycharmProjects/policy/main/main.py[line:407] - INFO: match_id = 20180613:115:主队主场状态1胜1平3负
2018-06-13 11:50:29,340 - /root/PycharmProjects/policy/main/main.py[line:410] - INFO: match_id = 20180613:115:客队客场状态1胜2平2负
2018-06-13 11:50:29,340 - /root/PycharmProjects/policy/main/main.py[line:413] - INFO: match_id = 20180613:115:主队|客队交手,主队4胜3平3负
2018-06-13 11:50:29,341 - /root/PycharmProjects/policy/main/main.py[line:421] - INFO: match_id = 20180613:115:最近三场比赛(1)主队:新英格兰主队进球:0客队进球:0
2018-06-13 11:50:29,341 - /root/PycharmProjects/policy/main/main.py[line:422] - INFO: match_id = 20180613:115:最近三场比赛(2)主队:圣何塞主队进球:0客队进球:0
2018-06-13 11:50:29,341 - /root/PycharmProjects/policy/main/main.py[line:423] - INFO: match_id = 20180613:115:最近三场比赛(3)主队:新英格兰主队进球:2客队进球:1
2018-06-13 11:50:29,347 - /root/PycharmProjects/policy/main/main.py[line:330] - WARNING: match_id = 20180613:115:Bet 365 and 澳门初盘全部高水--Bet10 and WebNet 初盘全部高水
2018-06-13 11:50:29,355 - /root/PycharmProjects/policy/main/main.py[line:490] - INFO: match_id = 20180613:115:主队上盘打出概率0.25主队打出1次，客队平局2次，客队赢球1次
2018-06-13 11:50:29,356 - /root/PycharmProjects/policy/main/main.py[line:800] - INFO: match_id = 20180613:115:William赔率没有变化2.3|3.6|2.8
2018-06-13 11:50:29,357 - /root/PycharmProjects/policy/main/main.py[line:834] - INFO: match_id = 20180613:115:Beta 365赔率没有变化2.3|3.4|3.0
2018-06-13 11:50:29,357 - /root/PycharmProjects/policy/main/main.py[line:865] - INFO: match_id = 20180613:115:BWIN赔率没有变化2.3|3.4|2.85
2018-06-13 11:50:37,721 - /root/PycharmProjects/policy/main/main.py[line:407] - INFO: match_id = 20180613:101:主队主场状态3胜0平1负
2018-06-13 11:50:37,721 - /root/PycharmProjects/policy/main/main.py[line:410] - INFO: match_id = 20180613:101:客队客场状态0胜1平3负
2018-06-13 11:50:37,721 - /root/PycharmProjects/policy/main/main.py[line:413] - INFO: match_id = 20180613:101:主队|客队交手,主队0胜1平3负
2018-06-13 11:50:37,721 - /root/PycharmProjects/policy/main/main.py[line:421] - INFO: match_id = 20180613:101:最近三场比赛(1)主队:米涅罗美主队进球:1客队进球:2
2018-06-13 11:50:37,721 - /root/PycharmProjects/policy/main/main.py[line:422] - INFO: match_id = 20180613:101:最近三场比赛(2)主队:沙佩科主队进球:3客队进球:1
2018-06-13 11:50:37,722 - /root/PycharmProjects/policy/main/main.py[line:423] - INFO: match_id = 20180613:101:最近三场比赛(3)主队:米涅罗美主队进球:1客队进球:1
2018-06-13 11:50:37,732 - /root/PycharmProjects/policy/main/main.py[line:490] - INFO: match_id = 20180613:101:主队上盘打出概率100%--:主队打出2次，客队平局0次，客队赢球0次
2018-06-13 11:50:37,735 - /root/PycharmProjects/policy/main/main.py[line:816] - INFO: match_id = 20180613:101:ODDSET赔率没有变化1.95|3.2|3.0
2018-06-13 11:50:37,738 - /root/PycharmProjects/policy/main/main.py[line:597] - INFO: match_id = 20180613:101:oddset Only初始赔率:1.95|3.20|3.00 胜:6|平4|负0
2018-06-13 11:50:37,745 - /root/PycharmProjects/policy/main/main.py[line:604] - INFO: match_id = 20180613:101:oddset Only最终赔率:1.95|3.20|3.00 胜:3|平1|负0
2018-06-13 11:50:37,751 - /root/PycharmProjects/policy/main/main.py[line:611] - INFO: match_id = 20180613:101:oddset 初始+最终赔率:1.95|3.20|3.00 胜:2|平1|负0
2018-06-13 11:50:37,751 - /root/PycharmProjects/policy/main/main.py[line:881] - INFO: match_id = 20180613:101:竞彩赔率没有变化1.93|3.05|3.55
2018-06-13 11:50:37,753 - /root/PycharmProjects/policy/main/main.py[line:407] - INFO: match_id = 20180613:102:主队主场状态3胜1平0负
2018-06-13 11:50:37,753 - /root/PycharmProjects/policy/main/main.py[line:410] - INFO: match_id = 20180613:102:客队客场状态0胜0平3负
2018-06-13 11:50:37,754 - /root/PycharmProjects/policy/main/main.py[line:413] - INFO: match_id = 20180613:102:主队|客队交手,主队4胜1平5负
2018-06-13 11:50:37,754 - /root/PycharmProjects/policy/main/main.py[line:421] - INFO: match_id = 20180613:102:最近三场比赛(1)主队:桑托斯主队进球:0客队进球:0
2018-06-13 11:50:37,754 - /root/PycharmProjects/policy/main/main.py[line:422] - INFO: match_id = 20180613:102:最近三场比赛(2)主队:弗鲁米嫩主队进球:3客队进球:2
2018-06-13 11:50:37,755 - /root/PycharmProjects/policy/main/main.py[line:423] - INFO: match_id = 20180613:102:最近三场比赛(3)主队:桑托斯主队进球:2客队进球:1
2018-06-13 11:50:37,763 - /root/PycharmProjects/policy/main/main.py[line:490] - INFO: match_id = 20180613:102:主队上盘打出概率0.6363636363636364主队打出7次，客队平局2次，客队赢球2次
2018-06-13 11:50:37,765 - /root/PycharmProjects/policy/main/main.py[line:783] - INFO: match_id = 20180613:102:立博赔率没有变化2.25|3.1|3.1
2018-06-13 11:50:37,771 - /root/PycharmProjects/policy/main/main.py[line:573] - INFO: match_id = 20180613:102:libo Only初始赔率:2.25|3.10|3.10 胜:1|平2|负2
2018-06-13 11:50:37,778 - /root/PycharmProjects/policy/main/main.py[line:581] - INFO: match_id = 20180613:102:libo Only最终赔率:2.25|3.10|3.10 胜:2|平0|负1
2018-06-13 11:50:37,783 - /root/PycharmProjects/policy/main/main.py[line:816] - INFO: match_id = 20180613:102:ODDSET赔率没有变化1.95|3.2|3.0
2018-06-13 11:50:37,789 - /root/PycharmProjects/policy/main/main.py[line:597] - INFO: match_id = 20180613:102:oddset Only初始赔率:1.95|3.20|3.00 胜:6|平4|负0
2018-06-13 11:50:37,795 - /root/PycharmProjects/policy/main/main.py[line:604] - INFO: match_id = 20180613:102:oddset Only最终赔率:1.95|3.20|3.00 胜:3|平1|负0
2018-06-13 11:50:37,800 - /root/PycharmProjects/policy/main/main.py[line:611] - INFO: match_id = 20180613:102:oddset 初始+最终赔率:1.95|3.20|3.00 胜:2|平1|负0
2018-06-13 11:50:37,801 - /root/PycharmProjects/policy/main/main.py[line:865] - INFO: match_id = 20180613:102:BWIN赔率没有变化2.25|3.1|3.2
2018-06-13 11:50:37,801 - /root/PycharmProjects/policy/main/main.py[line:881] - INFO: match_id = 20180613:102:竞彩赔率没有变化2.05|3.1|3.15
2018-06-13 11:50:37,803 - /root/PycharmProjects/policy/main/main.py[line:407] - INFO: match_id = 20180613:103:主队主场状态0胜2平2负
2018-06-13 11:50:37,803 - /root/PycharmProjects/policy/main/main.py[line:410] - INFO: match_id = 20180613:103:客队客场状态1胜1平2负
2018-06-13 11:50:37,803 - /root/PycharmProjects/policy/main/main.py[line:413] - INFO: match_id = 20180613:103:主队|客队交手,主队6胜2平0负
2018-06-13 11:50:37,803 - /root/PycharmProjects/policy/main/main.py[line:421] - INFO: match_id = 20180613:103:最近三场比赛(1)主队:巴拉纳主队进球:2客队进球:2
2018-06-13 11:50:37,803 - /root/PycharmProjects/policy/main/main.py[line:422] - INFO: match_id = 20180613:103:最近三场比赛(2)主队:克鲁塞罗主队进球:3客队进球:4
2018-06-13 11:50:37,803 - /root/PycharmProjects/policy/main/main.py[line:423] - INFO: match_id = 20180613:103:最近三场比赛(3)主队:克鲁塞罗主队进球:2客队进球:2
2018-06-13 11:50:37,811 - /root/PycharmProjects/policy/main/main.py[line:533] - INFO: match_id = 20180613:103:没有这样的赔率组合
2018-06-13 11:50:37,814 - /root/PycharmProjects/policy/main/main.py[line:816] - INFO: match_id = 20180613:103:ODDSET赔率没有变化2.8|3.2|2.05
2018-06-13 11:50:37,822 - /root/PycharmProjects/policy/main/main.py[line:597] - INFO: match_id = 20180613:103:oddset Only初始赔率:2.80|3.20|2.05 胜:5|平1|负2
2018-06-13 11:50:37,828 - /root/PycharmProjects/policy/main/main.py[line:604] - INFO: match_id = 20180613:103:oddset Only最终赔率:2.80|3.20|2.05 胜:4|平0|负1
2018-06-13 11:50:37,837 - /root/PycharmProjects/policy/main/main.py[line:611] - INFO: match_id = 20180613:103:oddset 初始+最终赔率:2.80|3.20|2.05 胜:4|平0|负1
2018-06-13 11:50:37,837 - /root/PycharmProjects/policy/main/main.py[line:881] - INFO: match_id = 20180613:103:竞彩赔率没有变化3.95|2.85|1.91
2018-06-13 11:50:37,840 - /root/PycharmProjects/policy/main/main.py[line:407] - INFO: match_id = 20180613:104:主队主场状态1胜2平0负
2018-06-13 11:50:37,840 - /root/PycharmProjects/policy/main/main.py[line:410] - INFO: match_id = 20180613:104:客队客场状态2胜1平1负
2018-06-13 11:50:37,840 - /root/PycharmProjects/policy/main/main.py[line:413] - INFO: match_id = 20180613:104:主队|客队交手,主队4胜2平4负
2018-06-13 11:50:37,840 - /root/PycharmProjects/policy/main/main.py[line:421] - INFO: match_id = 20180613:104:最近三场比赛(1)主队:格雷米奥主队进球:5客队进球:0
2018-06-13 11:50:37,841 - /root/PycharmProjects/policy/main/main.py[line:422] - INFO: match_id = 20180613:104:最近三场比赛(2)主队:累体育主队进球:4客队进球:3
2018-06-13 11:50:37,841 - /root/PycharmProjects/policy/main/main.py[line:423] - INFO: match_id = 20180613:104:最近三场比赛(3)主队:格雷米奥主队进球:0客队进球:3
2018-06-13 11:50:37,848 - /root/PycharmProjects/policy/main/main.py[line:533] - INFO: match_id = 20180613:104:客队上盘打出概率0.6客队打出3次，主队平局0次，主队赢球2次
2018-06-13 11:50:37,853 - /root/PycharmProjects/policy/main/main.py[line:829] - INFO: match_id = 20180613:104:ODDSETc满足互咬赔率--2.4|3.1|2.4
2018-06-13 11:50:37,855 - /root/PycharmProjects/policy/main/main.py[line:407] - INFO: match_id = 20180613:105:主队主场状态5胜1平1负
2018-06-13 11:50:37,855 - /root/PycharmProjects/policy/main/main.py[line:410] - INFO: match_id = 20180613:105:客队客场状态4胜0平1负
2018-06-13 11:50:37,855 - /root/PycharmProjects/policy/main/main.py[line:413] - INFO: match_id = 20180613:105:主队|客队交手,主队2胜1平2负
2018-06-13 11:50:37,855 - /root/PycharmProjects/policy/main/main.py[line:421] - INFO: match_id = 20180613:105:最近三场比赛(1)主队:亚特兰大主队进球:1客队进球:3
2018-06-13 11:50:37,856 - /root/PycharmProjects/policy/main/main.py[line:422] - INFO: match_id = 20180613:105:最近三场比赛(2)主队:亚特兰大主队进球:0客队进球:0
2018-06-13 11:50:37,856 - /root/PycharmProjects/policy/main/main.py[line:423] - INFO: match_id = 20180613:105:最近三场比赛(3)主队:哥伦布主队进球:0客队进球:2
2018-06-13 11:50:37,866 - /root/PycharmProjects/policy/main/main.py[line:490] - INFO: match_id = 20180613:105:主队上盘打出概率0.5主队打出7次，客队平局5次，客队赢球2次
2018-06-13 11:50:37,867 - /root/PycharmProjects/policy/main/main.py[line:881] - INFO: match_id = 20180613:105:竞彩赔率没有变化1.78|3.65|3.4
2018-06-13 11:50:37,869 - /root/PycharmProjects/policy/main/main.py[line:407] - INFO: match_id = 20180613:106:主队主场状态2胜0平3负
2018-06-13 11:50:37,869 - /root/PycharmProjects/policy/main/main.py[line:410] - INFO: match_id = 20180613:106:客队客场状态2胜0平2负
2018-06-13 11:50:37,869 - /root/PycharmProjects/policy/main/main.py[line:413] - INFO: match_id = 20180613:106:主队|客队交手,主队3胜2平3负
2018-06-13 11:50:37,869 - /root/PycharmProjects/policy/main/main.py[line:421] - INFO: match_id = 20180613:106:最近三场比赛(1)主队:蒙特利尔主队进球:2客队进球:1
2018-06-13 11:50:37,869 - /root/PycharmProjects/policy/main/main.py[line:422] - INFO: match_id = 20180613:106:最近三场比赛(2)主队:奥兰多城主队进球:3客队进球:3
2018-06-13 11:50:37,870 - /root/PycharmProjects/policy/main/main.py[line:423] - INFO: match_id = 20180613:106:最近三场比赛(3)主队:奥兰多城主队进球:0客队进球:1
2018-06-13 11:50:37,880 - /root/PycharmProjects/policy/main/main.py[line:490] - INFO: match_id = 20180613:106:主队上盘打出概率0.7142857142857143主队打出5次，客队平局2次，客队赢球0次
2018-06-13 11:50:37,882 - /root/PycharmProjects/policy/main/main.py[line:783] - INFO: match_id = 20180613:106:立博赔率没有变化1.95|3.5|3.4
2018-06-13 11:50:37,887 - /root/PycharmProjects/policy/main/main.py[line:573] - INFO: match_id = 20180613:106:libo Only初始赔率:1.95|3.50|3.40 胜:0|平0|负2
2018-06-13 11:50:37,892 - /root/PycharmProjects/policy/main/main.py[line:581] - INFO: match_id = 20180613:106:libo Only最终赔率:1.95|3.50|3.40 胜:3|平1|负0
2018-06-13 11:50:37,900 - /root/PycharmProjects/policy/main/main.py[line:865] - INFO: match_id = 20180613:106:BWIN赔率没有变化1.95|3.6|3.5
2018-06-13 11:50:37,900 - /root/PycharmProjects/policy/main/main.py[line:881] - INFO: match_id = 20180613:106:竞彩赔率没有变化1.8|3.7|3.3
2018-06-13 11:50:37,901 - /root/PycharmProjects/policy/main/main.py[line:407] - INFO: match_id = 20180613:107:主队主场状态2胜2平0负
2018-06-13 11:50:37,902 - /root/PycharmProjects/policy/main/main.py[line:410] - INFO: match_id = 20180613:107:客队客场状态0胜3平1负
2018-06-13 11:50:37,902 - /root/PycharmProjects/policy/main/main.py[line:413] - INFO: match_id = 20180613:107:主队|客队交手,主队3胜1平6负
2018-06-13 11:50:37,902 - /root/PycharmProjects/policy/main/main.py[line:421] - INFO: match_id = 20180613:107:最近三场比赛(1)主队:博塔弗戈主队进球:0客队进球:1
2018-06-13 11:50:37,902 - /root/PycharmProjects/policy/main/main.py[line:422] - INFO: match_id = 20180613:107:最近三场比赛(2)主队:巴竞技主队进球:0客队进球:0
2018-06-13 11:50:37,902 - /root/PycharmProjects/policy/main/main.py[line:423] - INFO: match_id = 20180613:107:最近三场比赛(3)主队:巴竞技主队进球:1客队进球:0
2018-06-13 11:50:37,904 - /root/PycharmProjects/policy/main/main.py[line:330] - WARNING: match_id = 20180613:107:Bet 365 and 澳门初盘全部高水--Bet10 and WebNet 初盘全部高水
2018-06-13 11:50:37,905 - /root/PycharmProjects/policy/main/main.py[line:336] - INFO: match_id = 20180613:107:Bet 365 and 澳门 尾盘全部高水--Bet10 and WebNet 尾盘全部高水
2018-06-13 11:50:37,912 - /root/PycharmProjects/policy/main/main.py[line:490] - INFO: match_id = 20180613:107:客队下盘打出概率100%--主队打出0次，客队平局0次，客队赢球2次
2018-06-13 11:50:37,918 - /root/PycharmProjects/policy/main/main.py[line:865] - INFO: match_id = 20180613:107:BWIN赔率没有变化2.0|3.1|3.9
2018-06-13 11:50:37,918 - /root/PycharmProjects/policy/main/main.py[line:881] - INFO: match_id = 20180613:107:竞彩赔率没有变化1.94|3.1|3.45
2018-06-13 11:50:37,920 - /root/PycharmProjects/policy/main/main.py[line:407] - INFO: match_id = 20180613:108:主队主场状态2胜1平1负
2018-06-13 11:50:37,921 - /root/PycharmProjects/policy/main/main.py[line:410] - INFO: match_id = 20180613:108:客队客场状态2胜1平1负
2018-06-13 11:50:37,921 - /root/PycharmProjects/policy/main/main.py[line:413] - INFO: match_id = 20180613:108:主队|客队交手,主队5胜4平1负
2018-06-13 11:50:37,921 - /root/PycharmProjects/policy/main/main.py[line:421] - INFO: match_id = 20180613:108:最近三场比赛(1)主队:帕梅拉斯主队进球:2客队进球:0
2018-06-13 11:50:37,921 - /root/PycharmProjects/policy/main/main.py[line:422] - INFO: match_id = 20180613:108:最近三场比赛(2)主队:弗拉门戈主队进球:2客队进球:2
2018-06-13 11:50:37,921 - /root/PycharmProjects/policy/main/main.py[line:423] - INFO: match_id = 20180613:108:最近三场比赛(3)主队:帕梅拉斯主队进球:1客队进球:1
2018-06-13 11:50:37,929 - /root/PycharmProjects/policy/main/main.py[line:490] - INFO: match_id = 20180613:108:主队上盘打出概率100%--:主队打出1次，客队平局0次，客队赢球0次
2018-06-13 11:50:37,930 - /root/PycharmProjects/policy/main/main.py[line:816] - INFO: match_id = 20180613:108:ODDSET赔率没有变化1.9|3.2|3.1
2018-06-13 11:50:37,940 - /root/PycharmProjects/policy/main/main.py[line:597] - INFO: match_id = 20180613:108:oddset Only初始赔率:1.90|3.20|3.10 胜:10|平9|负11
2018-06-13 11:50:37,945 - /root/PycharmProjects/policy/main/main.py[line:604] - INFO: match_id = 20180613:108:oddset Only最终赔率:1.90|3.20|3.10 胜:11|平4|负6
2018-06-13 11:50:37,953 - /root/PycharmProjects/policy/main/main.py[line:611] - INFO: match_id = 20180613:108:oddset 初始+最终赔率:1.90|3.20|3.10 胜:7|平2|负5
2018-06-13 11:50:37,954 - /root/PycharmProjects/policy/main/main.py[line:865] - INFO: match_id = 20180613:108:BWIN赔率没有变化2.05|3.3|3.4
2018-06-13 11:50:37,954 - /root/PycharmProjects/policy/main/main.py[line:881] - INFO: match_id = 20180613:108:竞彩赔率没有变化1.81|3.2|3.8
2018-06-13 11:50:37,958 - /root/PycharmProjects/policy/main/main.py[line:407] - INFO: match_id = 20180613:109:主队主场状态3胜1平3负
2018-06-13 11:50:37,958 - /root/PycharmProjects/policy/main/main.py[line:410] - INFO: match_id = 20180613:109:客队客场状态1胜2平5负
2018-06-13 11:50:37,958 - /root/PycharmProjects/policy/main/main.py[line:413] - INFO: match_id = 20180613:109:主队|客队交手,主队5胜2平3负
2018-06-13 11:50:37,958 - /root/PycharmProjects/policy/main/main.py[line:421] - INFO: match_id = 20180613:109:最近三场比赛(1)主队:华盛顿联主队进球:1客队进球:1
2018-06-13 11:50:37,959 - /root/PycharmProjects/policy/main/main.py[line:422] - INFO: match_id = 20180613:109:最近三场比赛(2)主队:多伦多主队进球:2客队进球:0
2018-06-13 11:50:37,959 - /root/PycharmProjects/policy/main/main.py[line:423] - INFO: match_id = 20180613:109:最近三场比赛(3)主队:多伦多主队进球:1客队进球:2
2018-06-13 11:50:37,968 - /root/PycharmProjects/policy/main/main.py[line:490] - INFO: match_id = 20180613:109:客队下盘打出概率100%--主队打出0次，客队平局1次，客队赢球0次
2018-06-13 11:50:37,970 - /root/PycharmProjects/policy/main/main.py[line:816] - INFO: match_id = 20180613:109:ODDSET赔率没有变化1.4|4.0|5.25
2018-06-13 11:50:37,974 - /root/PycharmProjects/policy/main/main.py[line:597] - INFO: match_id = 20180613:109:oddset Only初始赔率:1.40|4.00|5.25 胜:4|平1|负5
2018-06-13 11:50:37,979 - /root/PycharmProjects/policy/main/main.py[line:604] - INFO: match_id = 20180613:109:oddset Only最终赔率:1.40|4.00|5.25 胜:6|平3|负3
2018-06-13 11:50:37,985 - /root/PycharmProjects/policy/main/main.py[line:611] - INFO: match_id = 20180613:109:oddset 初始+最终赔率:1.40|4.00|5.25 胜:1|平1|负3
2018-06-13 11:50:37,986 - /root/PycharmProjects/policy/main/main.py[line:865] - INFO: match_id = 20180613:109:BWIN赔率没有变化1.5|4.2|5.75
2018-06-13 11:50:37,986 - /root/PycharmProjects/policy/main/main.py[line:881] - INFO: match_id = 20180613:109:竞彩赔率没有变化1.35|4.5|6.0
2018-06-13 11:50:37,988 - /root/PycharmProjects/policy/main/main.py[line:407] - INFO: match_id = 20180613:110:主队主场状态4胜1平1负
2018-06-13 11:50:37,989 - /root/PycharmProjects/policy/main/main.py[line:410] - INFO: match_id = 20180613:110:客队客场状态1胜1平3负
2018-06-13 11:50:37,989 - /root/PycharmProjects/policy/main/main.py[line:413] - INFO: match_id = 20180613:110:主队|客队交手,主队3胜2平5负
2018-06-13 11:50:37,989 - /root/PycharmProjects/policy/main/main.py[line:421] - INFO: match_id = 20180613:110:最近三场比赛(1)主队:西雅图主队进球:3客队进球:1
2018-06-13 11:50:37,989 - /root/PycharmProjects/policy/main/main.py[line:422] - INFO: match_id = 20180613:110:最近三场比赛(2)主队:纽约红牛主队进球:2客队进球:0
2018-06-13 11:50:37,989 - /root/PycharmProjects/policy/main/main.py[line:423] - INFO: match_id = 20180613:110:最近三场比赛(3)主队:西雅图主队进球:2客队进球:1
2018-06-13 11:50:38,002 - /root/PycharmProjects/policy/main/main.py[line:490] - INFO: match_id = 20180613:110:主队上盘打出概率0.5主队打出2次，客队平局2次，客队赢球0次
2018-06-13 11:50:38,004 - /root/PycharmProjects/policy/main/main.py[line:865] - INFO: match_id = 20180613:110:BWIN赔率没有变化1.6|3.9|5.0
2018-06-13 11:50:38,006 - /root/PycharmProjects/policy/main/main.py[line:407] - INFO: match_id = 20180613:111:主队主场状态3胜0平1负
2018-06-13 11:50:38,007 - /root/PycharmProjects/policy/main/main.py[line:410] - INFO: match_id = 20180613:111:客队客场状态0胜1平2负
2018-06-13 11:50:38,008 - /root/PycharmProjects/policy/main/main.py[line:413] - INFO: match_id = 20180613:111:主队|客队交手,主队2胜3平3负
2018-06-13 11:50:38,010 - /root/PycharmProjects/policy/main/main.py[line:421] - INFO: match_id = 20180613:111:最近三场比赛(1)主队:米竞技主队进球:1客队进球:1
2018-06-13 11:50:38,010 - /root/PycharmProjects/policy/main/main.py[line:422] - INFO: match_id = 20180613:111:最近三场比赛(2)主队:塞阿拉主队进球:3客队进球:0
2018-06-13 11:50:38,011 - /root/PycharmProjects/policy/main/main.py[line:423] - INFO: match_id = 20180613:111:最近三场比赛(3)主队:塞阿拉主队进球:0客队进球:0
2018-06-13 11:50:38,021 - /root/PycharmProjects/policy/main/main.py[line:490] - INFO: match_id = 20180613:111:主队上盘打出概率100%--:主队打出6次，客队平局0次，客队赢球0次
2018-06-13 11:50:38,023 - /root/PycharmProjects/policy/main/main.py[line:816] - INFO: match_id = 20180613:111:ODDSET赔率没有变化1.25|4.5|8.0
2018-06-13 11:50:38,029 - /root/PycharmProjects/policy/main/main.py[line:597] - INFO: match_id = 20180613:111:oddset Only初始赔率:1.25|4.50|8.00 胜:16|平2|负3
2018-06-13 11:50:38,042 - /root/PycharmProjects/policy/main/main.py[line:604] - INFO: match_id = 20180613:111:oddset Only最终赔率:1.25|4.50|8.00 胜:10|平2|负1
2018-06-13 11:50:38,047 - /root/PycharmProjects/policy/main/main.py[line:611] - INFO: match_id = 20180613:111:oddset 初始+最终赔率:1.25|4.50|8.00 胜:5|平1|负1
2018-06-13 11:50:38,047 - /root/PycharmProjects/policy/main/main.py[line:834] - INFO: match_id = 20180613:111:Beta 365赔率没有变化1.36|4.75|8.5
2018-06-13 11:50:38,047 - /root/PycharmProjects/policy/main/main.py[line:865] - INFO: match_id = 20180613:111:BWIN赔率没有变化1.36|4.75|7.5
2018-06-13 11:50:38,047 - /root/PycharmProjects/policy/main/main.py[line:881] - INFO: match_id = 20180613:111:竞彩赔率没有变化1.2|5.05|10.25
2018-06-13 11:50:38,050 - /root/PycharmProjects/policy/main/main.py[line:407] - INFO: match_id = 20180613:112:主队主场状态3胜1平0负
2018-06-13 11:50:38,050 - /root/PycharmProjects/policy/main/main.py[line:410] - INFO: match_id = 20180613:112:客队客场状态0胜2平1负
2018-06-13 11:50:38,051 - /root/PycharmProjects/policy/main/main.py[line:413] - INFO: match_id = 20180613:112:主队|客队交手,主队5胜2平3负
2018-06-13 11:50:38,051 - /root/PycharmProjects/policy/main/main.py[line:421] - INFO: match_id = 20180613:112:最近三场比赛(1)主队:巴西国际主队进球:6客队进球:0
2018-06-13 11:50:38,051 - /root/PycharmProjects/policy/main/main.py[line:422] - INFO: match_id = 20180613:112:最近三场比赛(2)主队:达伽马主队进球:1客队进球:1
2018-06-13 11:50:38,051 - /root/PycharmProjects/policy/main/main.py[line:423] - INFO: match_id = 20180613:112:最近三场比赛(3)主队:达伽马主队进球:3客队进球:1
2018-06-13 11:50:38,067 - /root/PycharmProjects/policy/main/main.py[line:490] - INFO: match_id = 20180613:112:客队下盘打出概率100%--主队打出0次，客队平局0次，客队赢球1次
2018-06-13 11:50:38,070 - /root/PycharmProjects/policy/main/main.py[line:816] - INFO: match_id = 20180613:112:ODDSET赔率没有变化1.55|3.4|4.75
2018-06-13 11:50:38,075 - /root/PycharmProjects/policy/main/main.py[line:597] - INFO: match_id = 20180613:112:oddset Only初始赔率:1.55|3.40|4.75 胜:2|平1|负3
2018-06-13 11:50:38,083 - /root/PycharmProjects/policy/main/main.py[line:604] - INFO: match_id = 20180613:112:oddset Only最终赔率:1.55|3.40|4.75 胜:4|平2|负2
2018-06-13 11:50:38,089 - /root/PycharmProjects/policy/main/main.py[line:611] - INFO: match_id = 20180613:112:oddset 初始+最终赔率:1.55|3.40|4.75 胜:0|平1|负1
2018-06-13 11:50:38,089 - /root/PycharmProjects/policy/main/main.py[line:881] - INFO: match_id = 20180613:112:竞彩赔率没有变化1.38|3.8|7.05
2018-06-13 11:50:38,091 - /root/PycharmProjects/policy/main/main.py[line:407] - INFO: match_id = 20180613:113:主队主场状态2胜2平0负
2018-06-13 11:50:38,092 - /root/PycharmProjects/policy/main/main.py[line:410] - INFO: match_id = 20180613:113:客队客场状态1胜1平2负
2018-06-13 11:50:38,092 - /root/PycharmProjects/policy/main/main.py[line:413] - INFO: match_id = 20180613:113:主队|客队交手,主队2胜3平5负
2018-06-13 11:50:38,092 - /root/PycharmProjects/policy/main/main.py[line:421] - INFO: match_id = 20180613:113:最近三场比赛(1)主队:巴伊亚主队进球:2客队进球:0
2018-06-13 11:50:38,092 - /root/PycharmProjects/policy/main/main.py[line:422] - INFO: match_id = 20180613:113:最近三场比赛(2)主队:科林蒂安主队进球:3客队进球:0
2018-06-13 11:50:38,092 - /root/PycharmProjects/policy/main/main.py[line:423] - INFO: match_id = 20180613:113:最近三场比赛(3)主队:巴伊亚主队进球:1客队进球:2
2018-06-13 11:50:38,104 - /root/PycharmProjects/policy/main/main.py[line:312] - WARNING: match_id = 20180613:113--Bet 10盘口连升两级或以上-From:0.0--->To:0.5
2018-06-13 11:50:38,114 - /root/PycharmProjects/policy/main/main.py[line:490] - INFO: match_id = 20180613:113:主队上盘打出概率0.4166666666666667主队打出5次，客队平局3次，客队赢球4次
2018-06-13 11:50:38,116 - /root/PycharmProjects/policy/main/main.py[line:827] - INFO: match_id = 20180613:113:ODDSETi满足互咬赔率--2.4|3.0|2.45
2018-06-13 11:50:38,116 - /root/PycharmProjects/policy/main/main.py[line:881] - INFO: match_id = 20180613:113:竞彩赔率没有变化1.89|3.0|3.75
2018-06-13 11:50:38,125 - /root/PycharmProjects/policy/main/main.py[line:407] - INFO: match_id = 20180613:114:主队主场状态2胜1平3负
2018-06-13 11:50:38,125 - /root/PycharmProjects/policy/main/main.py[line:410] - INFO: match_id = 20180613:114:客队客场状态2胜1平2负
2018-06-13 11:50:38,126 - /root/PycharmProjects/policy/main/main.py[line:413] - INFO: match_id = 20180613:114:主队|客队交手,主队3胜2平5负
2018-06-13 11:50:38,126 - /root/PycharmProjects/policy/main/main.py[line:421] - INFO: match_id = 20180613:114:最近三场比赛(1)主队:芝加哥主队进球:3客队进球:0
2018-06-13 11:50:38,126 - /root/PycharmProjects/policy/main/main.py[line:422] - INFO: match_id = 20180613:114:最近三场比赛(2)主队:科罗拉多主队进球:2客队进球:1
2018-06-13 11:50:38,126 - /root/PycharmProjects/policy/main/main.py[line:423] - INFO: match_id = 20180613:114:最近三场比赛(3)主队:芝加哥主队进球:0客队进球:1
2018-06-13 11:50:38,133 - /root/PycharmProjects/policy/main/main.py[line:490] - INFO: match_id = 20180613:114:主队上盘打出概率0.2857142857142857主队打出2次，客队平局4次，客队赢球1次
2018-06-13 11:50:38,137 - /root/PycharmProjects/policy/main/main.py[line:407] - INFO: match_id = 20180613:115:主队主场状态1胜1平3负
2018-06-13 11:50:38,137 - /root/PycharmProjects/policy/main/main.py[line:410] - INFO: match_id = 20180613:115:客队客场状态1胜2平2负
2018-06-13 11:50:38,137 - /root/PycharmProjects/policy/main/main.py[line:413] - INFO: match_id = 20180613:115:主队|客队交手,主队4胜3平3负
2018-06-13 11:50:38,138 - /root/PycharmProjects/policy/main/main.py[line:421] - INFO: match_id = 20180613:115:最近三场比赛(1)主队:新英格兰主队进球:0客队进球:0
2018-06-13 11:50:38,138 - /root/PycharmProjects/policy/main/main.py[line:422] - INFO: match_id = 20180613:115:最近三场比赛(2)主队:圣何塞主队进球:0客队进球:0
2018-06-13 11:50:38,138 - /root/PycharmProjects/policy/main/main.py[line:423] - INFO: match_id = 20180613:115:最近三场比赛(3)主队:新英格兰主队进球:2客队进球:1
2018-06-13 11:50:38,145 - /root/PycharmProjects/policy/main/main.py[line:330] - WARNING: match_id = 20180613:115:Bet 365 and 澳门初盘全部高水--Bet10 and WebNet 初盘全部高水
2018-06-13 11:50:38,150 - /root/PycharmProjects/policy/main/main.py[line:490] - INFO: match_id = 20180613:115:主队上盘打出概率0.25主队打出1次，客队平局2次，客队赢球1次
2018-06-13 11:50:38,152 - /root/PycharmProjects/policy/main/main.py[line:800] - INFO: match_id = 20180613:115:William赔率没有变化2.3|3.6|2.8
2018-06-13 11:50:38,152 - /root/PycharmProjects/policy/main/main.py[line:834] - INFO: match_id = 20180613:115:Beta 365赔率没有变化2.3|3.4|3.0
2018-06-13 11:50:38,152 - /root/PycharmProjects/policy/main/main.py[line:865] - INFO: match_id = 20180613:115:BWIN赔率没有变化2.3|3.4|2.85
