20180718:101:*****************<<Step 1: 基本面分析>>*****************
20180718:101:主队:札幌冈萨(联赛排名5)-主场状态5胜0平1负
20180718:101:客队:川崎前锋(联赛排名3)-客场状态5胜2平0负
20180718:101--札幌冈萨|川崎前锋交手,主队2胜1平6负
20180718:101:最近三场比赛(1):川崎前锋(as主)进球:2|札幌冈萨(as客)进球:1
20180718:101:最近三场比赛(2):札幌冈萨(as主)进球:1|川崎前锋(as客)进球:1
20180718:101:最近三场比赛(3):川崎前锋(as主)进球:1|(as客)进球:0
20180718:101:*****************<<Step 2: 盘口分析>>*******************
20180718:101:  ===>step 2.1): 是否是变动两盘或者两盘以上的盘口?
20180718:101:  ===>step 2.2): 是否盘口有超级高水?(>=1.10)?
20180718:101:  ===>step 2.3): 判断初盘和尾盘， 各个盘口的高水(1.00<=X<=1.10)状态
WARNING:20180718:101:  ===>step 2.3): 澳门(受平手/半球1.06)|主队初盘高水!
WARNING:20180718:101:  ===>step 2.3): Bet10(受平手/半球1.07)|主队尾盘高水!
WARNING:20180718:101:  ===>step 2.3): Wewbet(受半球1.13)|客队初盘高水!
WARNING:20180718:101:  ===>step 2.3): Beta365(受半球1.1)|澳门(受半球1.06)|Wewbet(受半球1.11)|客队尾盘高水!
20180718:101:*****************<<Step 3: 赔率分析>>*******************
20180718:101 ===>step 3.1): 赔率分析第一步:
20180718:101:LIBO初始赔率:4.00|3.30|1.83下主队赢得概率:0%(0次)-平的概率：0%(0次)-输的概率：100.00%(1次)!
20180718:101:William初始赔率:4.00|3.50|1.91下主队赢得概率:0%(0次)-平的概率：44.44%(4次)-输的概率：55.56%(5次)!
20180718:101:Bet365初始赔率:4.50|3.40|1.83下主队赢得概率:25.00%(1次)-平的概率：50.00%(2次)-输的概率：25.00%(1次)!
20180718:101:BWIN初始赔率:3.60|3.10|2.00下主队赢得概率:0%(0次)-平的概率：0%(0次)-输的概率：100.00%(2次)!
20180718:101:SINA初始赔率:3.65|3.35|1.95下:没有这样的赔率组合
20180718:101:Interview初始赔率:4.05|3.35|1.80下:没有这样的赔率组合
20180718:101 ===>step 3.2): 赔率分析第2步:
20180718:101:BWIN赔率没有变化3.6|3.1|2.0
20180718:101:BWIN Only初始赔率:3.60|3.10|2.00胜:0|平0|负2
20180718:101:BWIN Only最终赔率:3.60|3.10|2.00胜:3|平0|负0
20180718:102:*****************<<Step 1: 基本面分析>>*****************
20180718:102:主队:磐田喜悦(联赛排名8)-主场状态3胜2平3负
20180718:102:客队:鹿岛鹿角(联赛排名11)-客场状态1胜1平4负
20180718:102--磐田喜悦|鹿岛鹿角交手,主队2胜4平4负
20180718:102:最近三场比赛(1):磐田喜悦(as主)进球:0|鹿岛鹿角(as客)进球:0
20180718:102:最近三场比赛(2):鹿岛鹿角(as主)进球:0|磐田喜悦(as客)进球:3
20180718:102:最近三场比赛(3):鹿岛鹿角(as主)进球:3|(as客)进球:0
20180718:102:*****************<<Step 2: 盘口分析>>*******************
20180718:102:  ===>step 2.1): 是否是变动两盘或者两盘以上的盘口?
20180718:102:  ===>step 2.2): 是否盘口有超级高水?(>=1.10)?
20180718:102:  ===>step 2.3): 判断初盘和尾盘， 各个盘口的高水(1.00<=X<=1.10)状态
WARNING:20180718:102:  ===>step 2.3): Bet10(平手1.01)|主队尾盘高水!
WARNING:20180718:102:  ===>step 2.3): 澳门(受平手/半球1.0)|Wewbet(受平手/半球1.04)|客队初盘高水!
20180718:102:*****************<<Step 3: 赔率分析>>*******************
20180718:102 ===>step 3.1): 赔率分析第一步:
20180718:102:LIBO初始赔率:3.10|3.10|2.20下主队赢得概率:0%(0次)-平的概率：33.33%(1次)-输的概率：66.67%(2次)!
20180718:102:William初始赔率:3.20|3.30|2.25下主队赢得概率:33.33%(2次)-平的概率：33.33%(2次)-输的概率：33.33%(2次)!
20180718:102:Bet365初始赔率:3.40|3.20|2.20下主队赢得概率:14.29%(1次)-平的概率：14.29%(1次)-输的概率：71.43%(5次)!
20180718:102:BWIN初始赔率:3.20|3.00|2.20下主队赢得概率:100.00%(1次)-平的概率：0%(0次)-输的概率：0%(0次)!
20180718:102:SINA初始赔率:3.15|3.10|2.25下主队赢得概率:0%(0次)-平的概率：0%(0次)-输的概率：100.00%(1次)!
20180718:102:Interview初始赔率:3.10|3.15|2.15下主队赢得概率:0%(0次)-平的概率：0%(0次)-输的概率：100.00%(1次)!
20180718:102 ===>step 3.2): 赔率分析第2步:
20180718:103:*****************<<Step 1: 基本面分析>>*****************
20180718:103:主队:柏太阳神(联赛排名9)-主场状态3胜1平4负
20180718:103:客队:东京FC(联赛排名2)-客场状态3胜2平2负
20180718:103--柏太阳神|东京FC交手,主队5胜1平4负
20180718:103:最近三场比赛(1):东京FC(as主)进球:4|柏太阳神(as客)进球:1
20180718:103:最近三场比赛(2):东京FC(as主)进球:0|柏太阳神(as客)进球:1
20180718:103:最近三场比赛(3):东京FC(as主)进球:1|(as客)进球:2
20180718:103:*****************<<Step 2: 盘口分析>>*******************
20180718:103:  ===>step 2.1): 是否是变动两盘或者两盘以上的盘口?
20180718:103:  ===>step 2.2): 是否盘口有超级高水?(>=1.10)?
20180718:103:  ===>step 2.3): 判断初盘和尾盘， 各个盘口的高水(1.00<=X<=1.10)状态
WARNING:20180718:103:  ===>step 2.3): Beta365(平手/半球1.1)|澳门(平手/半球1.02)|Bet10(平手/半球1.07)|Wewbet(平手/半球1.05)|主队初盘高水!
WARNING:20180718:103:  ===>step 2.3): Bet10(半球1.09)|Wewbet(半球1.08)|主队尾盘高水!
WARNING:20180718:103:  ===>step 2.3): Beta365(平手/半球1.12)|澳门(平手/半球1.1)|客队尾盘高水!
20180718:103:*****************<<Step 3: 赔率分析>>*******************
20180718:103 ===>step 3.1): 赔率分析第一步:
20180718:103:LIBO初始赔率:2.35|3.00|2.90下主队赢得概率:33.33%(1次)-平的概率：0%(0次)-输的概率：66.67%(2次)!
20180718:103:William初始赔率:2.45|3.25|2.90下主队赢得概率:45.45%(5次)-平的概率：9.09%(1次)-输的概率：45.45%(5次)!
20180718:103:Bet365初始赔率:2.40|3.25|2.90下主队赢得概率:30.00%(3次)-平的概率：50.00%(5次)-输的概率：20.00%(2次)!
20180718:103:BWIN初始赔率:2.35|3.10|2.85下主队赢得概率:75.00%(3次)-平的概率：0%(0次)-输的概率：25.00%(1次)!
20180718:103:SINA初始赔率:2.35|3.20|2.90下主队赢得概率:50.00%(1次)-平的概率：0%(0次)-输的概率：50.00%(1次)!
20180718:103:Interview初始赔率:2.35|3.10|2.90下主队赢得概率:0%(0次)-平的概率：0%(0次)-输的概率：100.00%(1次)!
20180718:103 ===>step 3.2): 赔率分析第2步:
WARNING:20180718:103:竞彩赔率 1.88
20180718:104:*****************<<Step 1: 基本面分析>>*****************
20180718:104:主队:广岛三箭(联赛排名1)-主场状态5胜1平1负
20180718:104:客队:大阪钢巴(联赛排名16)-客场状态0胜1平6负
20180718:104--广岛三箭|大阪钢巴交手,主队3胜2平5负
20180718:104:最近三场比赛(1):广岛三箭(as主)进球:2|大阪钢巴(as客)进球:3
20180718:104:最近三场比赛(2):大阪钢巴(as主)进球:0|广岛三箭(as客)进球:4
20180718:104:最近三场比赛(2):广岛三箭(as主)进球:2|大阪钢巴(as客)进球:2
20180718:104:*****************<<Step 2: 盘口分析>>*******************
20180718:104:  ===>step 2.1): 是否是变动两盘或者两盘以上的盘口?
20180718:104:  ===>step 2.2): 是否盘口有超级高水?(>=1.10)?
20180718:104:  ===>step 2.3): 判断初盘和尾盘， 各个盘口的高水(1.00<=X<=1.10)状态
WARNING:20180718:104:  ===>step 2.3): Beta365(半球/一球1.05)|澳门(半球/一球1.04)|Bet10(半球/一球1.07)|Wewbet(半球/一球1.12)|主队尾盘高水!
20180718:104:*****************<<Step 3: 赔率分析>>*******************
20180718:104 ===>step 3.1): 赔率分析第一步:
20180718:104:LIBO初始赔率:1.70|3.30|4.80下主队赢得概率:0%(0次)-平的概率：100.00%(1次)-输的概率：0%(0次)!
20180718:104:William初始赔率:1.75|3.60|4.80下主队赢得概率:100.00%(1次)-平的概率：0%(0次)-输的概率：0%(0次)!
20180718:104:Bet365初始赔率:1.70|3.50|5.25下主队赢得概率:40.00%(2次)-平的概率：20.00%(1次)-输的概率：40.00%(2次)!
20180718:104:BWIN初始赔率:1.67|3.30|5.00下主队赢得概率:33.33%(1次)-平的概率：33.33%(1次)-输的概率：33.33%(1次)!
20180718:104:SINA初始赔率:1.70|3.45|5.00下主队赢得概率:75.00%(3次)-平的概率：0%(0次)-输的概率：25.00%(1次)!
20180718:104:Interview初始赔率:1.70|3.40|4.75下主队赢得概率:0%(0次)-平的概率：0%(0次)-输的概率：100.00%(1次)!
20180718:104 ===>step 3.2): 赔率分析第2步:
20180718:104:Williamc满足赔率--1.75|3.9|4.33
20180718:104:BWIN赔率没有变化1.67|3.3|5.0
20180718:104:BWIN Only初始赔率:1.67|3.30|5.00胜:1|平1|负1
20180718:104:BWIN Only最终赔率:1.67|3.30|5.00胜:1|平0|负0
20180718:105:*****************<<Step 1: 基本面分析>>*****************
20180718:105:主队:清水鼓动(联赛排名10)-主场状态2胜2平3负
20180718:105:客队:大阪樱花(联赛排名4)-客场状态2胜3平2负
20180718:105--清水鼓动|大阪樱花交手,主队3胜2平5负
20180718:105:最近三场比赛(1):清水鼓动(as主)进球:3|大阪樱花(as客)进球:2
20180718:105:最近三场比赛(2):大阪樱花(as主)进球:1|清水鼓动(as客)进球:1
20180718:105:最近三场比赛(3):大阪樱花(as主)进球:1|(as客)进球:2
20180718:105:*****************<<Step 2: 盘口分析>>*******************
20180718:105:  ===>step 2.1): 是否是变动两盘或者两盘以上的盘口?
20180718:105:  ===>step 2.2): 是否盘口有超级高水?(>=1.10)?
20180718:105:  ===>step 2.3): 判断初盘和尾盘， 各个盘口的高水(1.00<=X<=1.10)状态
WARNING:20180718:105:  ===>step 2.3): 澳门(受平手/半球1.06)|主队初盘高水!
WARNING:20180718:105:  ===>step 2.3): Beta365(受平手/半球1.02)|Bet10(受平手/半球1.08)|Wewbet(受平手/半球1.05)|主队尾盘高水!
WARNING:20180718:105:  ===>step 2.3): Beta365(受半球1.1)|Bet10(受半球1.07)|Wewbet(受半球1.09)|客队初盘高水!
WARNING:20180718:105:  ===>step 2.3): 澳门(受半球1.08)|客队尾盘高水!
20180718:105:*****************<<Step 3: 赔率分析>>*******************
20180718:105 ===>step 3.1): 赔率分析第一步:
20180718:105:LIBO初始赔率:3.40|3.20|2.00下主队赢得概率:0%(0次)-平的概率：0%(0次)-输的概率：100.00%(2次)!
20180718:105:William初始赔率:3.40|3.30|2.15下主队赢得概率:0%(0次)-平的概率：0%(0次)-输的概率：100.00%(1次)!
20180718:105:Bet365初始赔率:3.75|3.25|2.05下主队赢得概率:0%(0次)-平的概率：50.00%(1次)-输的概率：50.00%(1次)!
20180718:105:BWIN初始赔率:3.60|3.10|2.00下主队赢得概率:0%(0次)-平的概率：0%(0次)-输的概率：100.00%(2次)!
20180718:105:SINA初始赔率:3.60|3.25|2.00下:没有这样的赔率组合
20180718:105:Interview初始赔率:3.40|3.25|2.00下:没有这样的赔率组合
20180718:105 ===>step 3.2): 赔率分析第2步:
20180718:105:BWIN赔率没有变化3.6|3.1|2.0
20180718:105:BWIN Only初始赔率:3.60|3.10|2.00胜:0|平0|负2
20180718:105:BWIN Only最终赔率:3.60|3.10|2.00胜:3|平0|负0
20180718:106:*****************<<Step 1: 基本面分析>>*****************
20180718:106:主队:湘南海洋(联赛排名12)-主场状态4胜1平3负
20180718:106:客队:鸟栖沙岩(联赛排名17)-客场状态1胜2平4负
20180718:106--湘南海洋|鸟栖沙岩交手,主队3胜4平3负
20180718:106:最近三场比赛(1):鸟栖沙岩(as主)进球:0|湘南海洋(as客)进球:0
20180718:106:最近三场比赛(2):湘南海洋(as主)进球:1|鸟栖沙岩(as客)进球:0
20180718:106:最近三场比赛(2):湘南海洋(as主)进球:0|鸟栖沙岩(as客)进球:2
20180718:106:*****************<<Step 2: 盘口分析>>*******************
20180718:106:  ===>step 2.1): 是否是变动两盘或者两盘以上的盘口?
WARNING:20180718:106:  ===>step 1): Beta 365主队盘口连将两级或以上-From:0.5--->To:0.0 或者说客队连升两盘盘口
WARNING:20180718:106:  ===>step 1): Bet 10主队盘口连将两级或以上-From:0.5--->To:0.0 或者说客队连升两盘盘口
20180718:106:  ===>step 2.2): 是否盘口有超级高水?(>=1.10)?
20180718:106:  ===>step 2.3): 判断初盘和尾盘， 各个盘口的高水(1.00<=X<=1.10)状态
WARNING:20180718:106:  ===>step 2.3): Beta365(半球1.2)|Bet10(半球1.15)|Wewbet(平手/半球1.09)|主队初盘高水!
WARNING:20180718:106:  ===>step 2.3): Beta365(平手1.02)|澳门(平手1.02)|Bet10(平手1.04)|Wewbet(平手1.1)|主队尾盘高水!
WARNING:20180718:106:  ===>step 2.3): 澳门(平手1.0)|客队初盘高水!
20180718:106:*****************<<Step 3: 赔率分析>>*******************
20180718:106 ===>step 3.1): 赔率分析第一步:
20180718:106:LIBO初始赔率:2.10|3.00|3.40下主队赢得概率:33.33%(1次)-平的概率：0%(0次)-输的概率：66.67%(2次)!
20180718:106:William初始赔率:2.25|3.20|3.30下主队赢得概率:47.06%(8次)-平的概率：11.76%(2次)-输的概率：41.18%(7次)!
20180718:106:Bet365初始赔率:2.15|3.10|3.60下主队赢得概率:35.71%(5次)-平的概率：14.29%(2次)-输的概率：50.00%(7次)!
20180718:106:BWIN初始赔率:2.30|3.00|3.00下主队赢得概率:40.00%(2次)-平的概率：20.00%(1次)-输的概率：40.00%(2次)!
20180718:106:SINA初始赔率:2.30|3.10|3.10下主队赢得概率:0%(0次)-平的概率：100.00%(1次)-输的概率：0%(0次)!
20180718:106:Interview初始赔率:2.10|3.05|3.40下:没有这样的赔率组合
20180718:106 ===>step 3.2): 赔率分析第2步:
20180718:107:*****************<<Step 1: 基本面分析>>*****************
20180718:107:主队:长崎航海(联赛排名15)-主场状态3胜2平2负
20180718:107:客队:神户胜利(联赛排名6)-客场状态3胜3平2负
20180718:107--长崎航海|神户胜利交手,主队0胜1平3负
20180718:107:最近三场比赛(1):长崎航海(as主)进球:1|神户胜利(as客)进球:2
20180718:107:最近三场比赛(2):神户胜利(as主)进球:2|长崎航海(as客)进球:2
20180718:107:最近三场比赛(2):长崎航海(as主)进球:0|神户胜利(as客)进球:2
20180718:107:*****************<<Step 2: 盘口分析>>*******************
20180718:107:  ===>step 2.1): 是否是变动两盘或者两盘以上的盘口?
20180718:107:  ===>step 2.2): 是否盘口有超级高水?(>=1.10)?
20180718:107:  ===>step 2.3): 判断初盘和尾盘， 各个盘口的高水(1.00<=X<=1.10)状态
20180718:107:*****************<<Step 3: 赔率分析>>*******************
20180718:107 ===>step 3.1): 赔率分析第一步:
20180718:107:LIBO初始赔率:3.00|3.10|2.20下主队赢得概率:33.33%(1次)-平的概率：0%(0次)-输的概率：66.67%(2次)!
20180718:107:William初始赔率:3.10|3.30|2.30下主队赢得概率:33.33%(2次)-平的概率：33.33%(2次)-输的概率：33.33%(2次)!
20180718:107:Bet365初始赔率:3.25|3.25|2.20下主队赢得概率:0%(0次)-平的概率：33.33%(1次)-输的概率：66.67%(2次)!
20180718:107:BWIN初始赔率:3.10|3.10|2.20下主队赢得概率:33.33%(2次)-平的概率：16.67%(1次)-输的概率：50.00%(3次)!
20180718:107:SINA初始赔率:3.15|3.30|2.15下主队赢得概率:50.00%(2次)-平的概率：0%(0次)-输的概率：50.00%(2次)!
20180718:107:Interview初始赔率:3.05|3.25|2.15下:没有这样的赔率组合
20180718:107 ===>step 3.2): 赔率分析第2步:
20180718:108:*****************<<Step 1: 基本面分析>>*****************
20180718:108:主队:仙台七夕(联赛排名7)-主场状态2胜3平2负
20180718:108:客队:横滨水手(联赛排名13)-客场状态2胜2平3负
20180718:108--仙台七夕|横滨水手交手,主队3胜4平3负
20180718:108:最近三场比赛(1):横滨水手(as主)进球:4|仙台七夕(as客)进球:2
20180718:108:最近三场比赛(2):横滨水手(as主)进球:0|仙台七夕(as客)进球:0
20180718:108:最近三场比赛(3):横滨水手(as主)进球:2|(as客)进球:2
20180718:108:*****************<<Step 2: 盘口分析>>*******************
20180718:108:  ===>step 2.1): 是否是变动两盘或者两盘以上的盘口?
20180718:108:  ===>step 2.2): 是否盘口有超级高水?(>=1.10)?
20180718:108:  ===>step 2.3): 判断初盘和尾盘， 各个盘口的高水(1.00<=X<=1.10)状态
WARNING:20180718:108:  ===>step 2.3): Beta365(平手/半球1.1)|澳门(平手/半球1.04)|Bet10(平手/半球1.07)|Wewbet(平手/半球1.05)|主队初盘高水!
WARNING:20180718:108:  ===>step 2.3): Beta365(平手1.05)|澳门(平手1.04)|Bet10(平手1.03)|Wewbet(平手1.06)|客队尾盘高水!
20180718:108:*****************<<Step 3: 赔率分析>>*******************
20180718:108:竞彩i满足互咬赔率--2.34|3.28|2.34
20180718:108 ===>step 3.1): 赔率分析第一步:
20180718:108:LIBO初始赔率:2.30|3.25|2.80下主队赢得概率:0%(0次)-平的概率：0%(0次)-输的概率：100.00%(1次)!
20180718:108:William初始赔率:2.40|3.50|2.80下主队赢得概率:62.50%(5次)-平的概率：0%(0次)-输的概率：37.50%(3次)!
20180718:108:Bet365初始赔率:2.40|3.25|2.90下主队赢得概率:30.00%(3次)-平的概率：50.00%(5次)-输的概率：20.00%(2次)!
20180718:108:BWIN初始赔率:2.35|3.10|2.85下主队赢得概率:75.00%(3次)-平的概率：0%(0次)-输的概率：25.00%(1次)!
20180718:108:SINA初始赔率:2.35|3.25|2.85下主队赢得概率:100.00%(1次)-平的概率：0%(0次)-输的概率：0%(0次)!
20180718:108:Interview初始赔率:2.30|3.25|2.80下:没有这样的赔率组合
20180718:108 ===>step 3.2): 赔率分析第2步:
20180718:108:BWIN赔率没有变化2.35|3.1|2.85
20180718:108:BWIN Only初始赔率:2.35|3.10|2.85胜:3|平0|负1
20180718:108:BWIN Only最终赔率:2.35|3.10|2.85胜:2|平1|负3
20180718:108:BWIN 初始+最终赔率:2.35|3.10|2.85胜:0|平0|负1
20180718:108:竞彩c满足互咬赔率--2.34|3.28|2.34
20180718:108:Interviewc满足赔率--2.4|3.35|2.6
20180718:109:*****************<<Step 1: 基本面分析>>*****************
20180718:109:主队:全　北(联赛排名1)-主场状态6胜0平1负
20180718:109:客队:济州联(联赛排名3)-客场状态5胜1平1负
20180718:109--全　北|济州联交手,主队6胜1平3负
20180718:109:最近三场比赛(1):济州联(as主)进球:0|全　北(as客)进球:1
20180718:109:最近三场比赛(2):全　北(as主)进球:3|济州联(as客)进球:0
20180718:109:最近三场比赛(3):济州联(as主)进球:0|(as客)进球:1
20180718:109:*****************<<Step 2: 盘口分析>>*******************
20180718:109:  ===>step 2.1): 是否是变动两盘或者两盘以上的盘口?
20180718:109:  ===>step 2.2): 是否盘口有超级高水?(>=1.10)?
20180718:109:  ===>step 2.3): 判断初盘和尾盘， 各个盘口的高水(1.00<=X<=1.10)状态
WARNING:20180718:109:  ===>step 2.3): Bet10(半球/一球1.02)|Wewbet(半球/一球1.05)|主队初盘高水!
WARNING:20180718:109:  ===>step 2.3): Bet10(一球1.01)|Wewbet(一球1.03)|主队尾盘高水!
WARNING:20180718:109:  ===>step 2.3): 澳门(半球/一球1.0)|客队初盘高水!
WARNING:20180718:109:  ===>step 2.3): 澳门(半球/一球1.08)|客队尾盘高水!
20180718:109:*****************<<Step 3: 赔率分析>>*******************
20180718:109 ===>step 3.1): 赔率分析第一步:
20180718:109:LIBO初始赔率:1.60|3.75|5.00下主队赢得概率:100.00%(1次)-平的概率：0%(0次)-输的概率：0%(0次)!
20180718:109:William初始赔率:1.75|3.80|4.20下主队赢得概率:33.33%(1次)-平的概率：66.67%(2次)-输的概率：0%(0次)!
20180718:109:Bet365初始赔率:1.72|3.60|4.75下主队赢得概率:54.29%(19次)-平的概率：22.86%(8次)-输的概率：22.86%(8次)!
20180718:109:BWIN初始赔率:1.72|3.60|4.20下主队赢得概率:0%(0次)-平的概率：100.00%(1次)-输的概率：0%(0次)!
20180718:109:SINA初始赔率:1.70|3.45|4.50下主队赢得概率:100.00%(2次)-平的概率：0%(0次)-输的概率：0%(0次)!
20180718:109:Interview初始赔率:1.70|3.55|4.35下:没有这样的赔率组合
20180718:109 ===>step 3.2): 赔率分析第2步:
20180718:110:*****************<<Step 1: 基本面分析>>*****************
20180718:110:主队:浦和红钻(联赛排名14)-主场状态2胜2平3负
20180718:110:客队:名古屋鲸(联赛排名18)-客场状态1胜1平6负
20180718:110--浦和红钻|名古屋鲸交手,主队7胜0平3负
20180718:110:最近三场比赛(1):名古屋鲸(as主)进球:2|浦和红钻(as客)进球:0
20180718:110:最近三场比赛(2):名古屋鲸(as主)进球:1|浦和红钻(as客)进球:4
20180718:110:最近三场比赛(3):名古屋鲸(as主)进球:0|(as客)进球:2
20180718:110:*****************<<Step 2: 盘口分析>>*******************
20180718:110:  ===>step 2.1): 是否是变动两盘或者两盘以上的盘口?
20180718:110:  ===>step 2.2): 是否盘口有超级高水?(>=1.10)?
20180718:110:  ===>step 2.3): 判断初盘和尾盘， 各个盘口的高水(1.00<=X<=1.10)状态
WARNING:20180718:110:  ===>step 2.3): Beta365(一球/球半1.02)|澳门(一球/球半1.04)|Bet10(一球/球半1.08)|Wewbet(一球/球半1.08)|主队尾盘高水!
WARNING:20180718:110:  ===>step 2.3): 澳门(一球1.05)|Wewbet(一球1.06)|客队初盘高水!
20180718:110:*****************<<Step 3: 赔率分析>>*******************
20180718:110 ===>step 3.1): 赔率分析第一步:
20180718:110:LIBO初始赔率:1.50|3.90|5.80下:没有这样的赔率组合
20180718:110:William初始赔率:1.55|4.00|6.00下主队赢得概率:73.33%(11次)-平的概率：20.00%(3次)-输的概率：6.67%(1次)!
20180718:110:Bet365初始赔率:1.50|4.10|6.50下主队赢得概率:75.00%(3次)-平的概率：0%(0次)-输的概率：25.00%(1次)!
20180718:110:BWIN初始赔率:1.42|4.00|7.00下:没有这样的赔率组合
20180718:110:SINA初始赔率:1.43|4.25|6.75下主队赢得概率:100.00%(2次)-平的概率：0%(0次)-输的概率：0%(0次)!
20180718:110:Interview初始赔率:1.50|4.00|5.75下:没有这样的赔率组合
20180718:110 ===>step 3.2): 赔率分析第2步:
20180718:111:*****************<<Step 1: 基本面分析>>*****************
20180718:111:主队:大邱FC(联赛排名12)-主场状态1胜1平5负
20180718:111:客队:浦项制铁(联赛排名8)-客场状态2胜2平2负
20180718:111--大邱FC|浦项制铁交手,主队4胜0平6负
20180718:111:最近三场比赛(1):浦项制铁(as主)进球:3|大邱FC(as客)进球:0
20180718:111:最近三场比赛(2):浦项制铁(as主)进球:1|大邱FC(as客)进球:2
20180718:111:最近三场比赛(2):大邱FC(as主)进球:2|浦项制铁(as客)进球:1
20180718:111:*****************<<Step 2: 盘口分析>>*******************
20180718:111:  ===>step 2.1): 是否是变动两盘或者两盘以上的盘口?
20180718:111:  ===>step 2.2): 是否盘口有超级高水?(>=1.10)?
WARNING:20180718:111:  ===>step 2.2): :澳门客队初盘超级高水:1.15(平手),但是主队降盘(平手/半球)后低水(1.0)， 请仔细查看!
20180718:111:  ===>step 2.3): 判断初盘和尾盘， 各个盘口的高水(1.00<=X<=1.10)状态
WARNING:20180718:111:  ===>step 2.3): Beta365(平手1.0)|澳门(平手1.15)|Bet10(平手1.05)|Wewbet(平手1.06)|客队初盘高水!
WARNING:20180718:111:  ===>step 2.3): Beta365(平手/半球1.02)|澳门(平手/半球1.0)|Bet10(平手/半球1.06)|Wewbet(平手/半球1.08)|客队尾盘高水!
20180718:111:*****************<<Step 3: 赔率分析>>*******************
20180718:111 ===>step 3.1): 赔率分析第一步:
20180718:111:LIBO初始赔率:2.20|3.10|3.10下主队赢得概率:33.33%(2次)-平的概率：33.33%(2次)-输的概率：33.33%(2次)!
20180718:111:William初始赔率:2.45|3.40|2.70下主队赢得概率:66.67%(2次)-平的概率：0%(0次)-输的概率：33.33%(1次)!
20180718:111:Bet365初始赔率:2.50|3.20|2.87下主队赢得概率:30.00%(6次)-平的概率：40.00%(8次)-输的概率：30.00%(6次)!
20180718:111:BWIN初始赔率:2.40|3.10|2.75下主队赢得概率:44.44%(4次)-平的概率：11.11%(1次)-输的概率：44.44%(4次)!
20180718:111:SINA初始赔率:2.40|3.15|2.70下主队赢得概率:25.00%(1次)-平的概率：50.00%(2次)-输的概率：25.00%(1次)!
20180718:111:Interview初始赔率:2.45|3.05|2.75下主队赢得概率:100.00%(2次)-平的概率：0%(0次)-输的概率：0%(0次)!
20180718:111 ===>step 3.2): 赔率分析第2步:
20180718:112:*****************<<Step 1: 基本面分析>>*****************
20180718:112:主队:首尔FC(联赛排名9)-主场状态3胜2平2负
20180718:112:客队:全南天龙(联赛排名10)-客场状态1胜4平2负
20180718:112--首尔FC|全南天龙交手,主队6胜3平1负
20180718:112:最近三场比赛(1):全南天龙(as主)进球:2|首尔FC(as客)进球:1
20180718:112:最近三场比赛(2):全南天龙(as主)进球:0|首尔FC(as客)进球:1
20180718:112:最近三场比赛(3):全南天龙(as主)进球:2|(as客)进球:2
20180718:112:*****************<<Step 2: 盘口分析>>*******************
20180718:112:  ===>step 2.1): 是否是变动两盘或者两盘以上的盘口?
20180718:112:  ===>step 2.2): 是否盘口有超级高水?(>=1.10)?
20180718:112:  ===>step 2.3): 判断初盘和尾盘， 各个盘口的高水(1.00<=X<=1.10)状态
WARNING:20180718:112:  ===>step 2.3): Bet10(半球1.01)|Wewbet(半球1.01)|主队尾盘高水!
WARNING:20180718:112:  ===>step 2.3): Beta365(平手/半球1.0)|澳门(平手/半球1.09)|Bet10(平手/半球1.07)|Wewbet(平手/半球1.06)|客队初盘高水!
WARNING:20180718:112:  ===>step 2.3): 澳门(平手/半球1.09)|客队尾盘高水!
20180718:112:*****************<<Step 3: 赔率分析>>*******************
20180718:112 ===>step 3.1): 赔率分析第一步:
20180718:112:Bet365初始赔率:2.10|3.40|3.40下主队赢得概率:43.18%(19次)-平的概率：40.91%(18次)-输的概率：15.91%(7次)!
20180718:112:SINA初始赔率:2.05|3.10|3.30下:没有这样的赔率组合
20180718:112:Interview初始赔率:2.05|3.30|3.30下主队赢得概率:0%(0次)-平的概率：100.00%(1次)-输的概率：0%(0次)!
20180718:112 ===>step 3.2): 赔率分析第2步:
20180718:112:竞彩赔率没有变化1.69|3.3|3.8
20180718:113:*****************<<Step 1: 基本面分析>>*****************
20180718:113:主队:尚州尚武(联赛排名4)-主场状态2胜2平0负
20180718:113:客队:庆南FC(联赛排名5)-客场状态4胜1平2负
20180718:113--尚州尚武|庆南FC交手,主队5胜1平4负
20180718:113:最近三场比赛(1):庆南FC(as主)进球:3|尚州尚武(as客)进球:1
20180718:113:最近三场比赛(2):尚州尚武(as主)进球:1|庆南FC(as客)进球:0
20180718:113:最近三场比赛(3):庆南FC(as主)进球:1|(as客)进球:0
20180718:113:*****************<<Step 2: 盘口分析>>*******************
20180718:113:  ===>step 2.1): 是否是变动两盘或者两盘以上的盘口?
20180718:113:  ===>step 2.2): 是否盘口有超级高水?(>=1.10)?
WARNING:20180718:113:  ===>step 2.2): :澳门客队终盘超级高水:1.14(受平手/半球)--客队没可能打出来,无论强弱!!!!
20180718:113:  ===>step 2.3): 判断初盘和尾盘， 各个盘口的高水(1.00<=X<=1.10)状态
WARNING:20180718:113:  ===>step 2.3): Bet10(平手1.03)|Wewbet(平手1.02)|主队初盘高水!
WARNING:20180718:113:  ===>step 2.3): Bet10(平手1.03)|Wewbet(平手1.03)|主队尾盘高水!
WARNING:20180718:113:  ===>step 2.3): 澳门(平手1.0)|客队初盘高水!
WARNING:20180718:113:  ===>step 2.3): 澳门(受平手/半球1.14)|客队尾盘高水!
20180718:113:*****************<<Step 3: 赔率分析>>*******************
20180718:113 ===>step 3.1): 赔率分析第一步:
20180718:113:Bet365初始赔率:2.75|3.10|2.62下主队赢得概率:0%(0次)-平的概率：50.00%(1次)-输的概率：50.00%(1次)!
20180718:113:SINA初始赔率:2.60|3.15|2.50下主队赢得概率:0%(0次)-平的概率：0%(0次)-输的概率：100.00%(1次)!
20180718:113:Interview初始赔率:2.65|3.10|2.50下:没有这样的赔率组合
20180718:113 ===>step 3.2): 赔率分析第2步:
20180718:113:竞彩i满足互咬赔率--2.4|3.0|2.45
20180718:113:Interview赔率没有变化2.65|3.1|2.5
20180718:114:*****************<<Step 1: 基本面分析>>*****************
20180718:114:主队:水　原(联赛排名2)-主场状态3胜3平1负
20180718:114:客队:仁川联(联赛排名11)-客场状态0胜2平4负
20180718:114--水　原|仁川联交手,主队5胜5平0负
20180718:114:最近三场比赛(1):仁川联(as主)进球:2|水　原(as客)进球:3
20180718:114:最近三场比赛(2):仁川联(as主)进球:1|水　原(as客)进球:1
20180718:114:最近三场比赛(2):水　原(as主)进球:3|仁川联(as客)进球:0
20180718:114:*****************<<Step 2: 盘口分析>>*******************
20180718:114:  ===>step 2.1): 是否是变动两盘或者两盘以上的盘口?
20180718:114:  ===>step 2.2): 是否盘口有超级高水?(>=1.10)?
20180718:114:  ===>step 2.3): 判断初盘和尾盘， 各个盘口的高水(1.00<=X<=1.10)状态
WARNING:20180718:114:  ===>step 2.3): Beta365(半球/一球1.0)|Bet10(半球/一球1.03)|Wewbet(半球/一球1.06)|客队初盘高水!
WARNING:20180718:114:  ===>step 2.3): Beta365(半球/一球1.05)|Bet10(半球/一球1.09)|Wewbet(半球/一球1.11)|客队尾盘高水!
20180718:114:*****************<<Step 3: 赔率分析>>*******************
20180718:114 ===>step 3.1): 赔率分析第一步:
20180718:114:Bet365初始赔率:1.61|3.80|5.50下主队赢得概率:61.54%(8次)-平的概率：23.08%(3次)-输的概率：15.38%(2次)!
20180718:114:BWIN初始赔率:1.62|3.90|4.40下:没有这样的赔率组合
20180718:114:SINA初始赔率:1.65|3.45|4.75下主队赢得概率:50.00%(1次)-平的概率：50.00%(1次)-输的概率：0%(0次)!
20180718:114:Interview初始赔率:1.60|3.80|4.75下:没有这样的赔率组合
20180718:114 ===>step 3.2): 赔率分析第2步:
20180718:114:BWINc满足赔率--1.62|3.9|4.33
20180718:115:*****************<<Step 1: 基本面分析>>*****************
20180718:115:主队:江原FC(联赛排名7)-主场状态2胜2平3负
20180718:115:客队:蔚山现代(联赛排名6)-客场状态1胜3平2负
20180718:115--江原FC|蔚山现代交手,主队1胜1平8负
20180718:115:最近三场比赛(1):蔚山现代(as主)进球:3|江原FC(as客)进球:1
20180718:115:最近三场比赛(2):江原FC(as主)进球:1|蔚山现代(as客)进球:2
20180718:115:最近三场比赛(2):江原FC(as主)进球:1|蔚山现代(as客)进球:1
20180718:115:*****************<<Step 2: 盘口分析>>*******************
20180718:115:  ===>step 2.1): 是否是变动两盘或者两盘以上的盘口?
20180718:115:  ===>step 2.2): 是否盘口有超级高水?(>=1.10)?
20180718:115:  ===>step 2.3): 判断初盘和尾盘， 各个盘口的高水(1.00<=X<=1.10)状态
WARNING:20180718:115:  ===>step 2.3): Wewbet(平手1.0)|主队初盘高水!
WARNING:20180718:115:  ===>step 2.3): Wewbet(平手1.01)|主队尾盘高水!
20180718:115:*****************<<Step 3: 赔率分析>>*******************
20180718:115 ===>step 3.1): 赔率分析第一步:
20180718:115:LIBO初始赔率:2.60|3.20|2.55下:没有这样的赔率组合
20180718:115:William初始赔率:2.60|3.70|2.40下主队赢得概率:0%(0次)-平的概率：100.00%(1次)-输的概率：0%(0次)!
20180718:115:Bet365初始赔率:2.75|3.10|2.62下主队赢得概率:0%(0次)-平的概率：50.00%(1次)-输的概率：50.00%(1次)!
20180718:115:SINA初始赔率:2.60|3.25|2.45下主队赢得概率:0%(0次)-平的概率：50.00%(1次)-输的概率：50.00%(1次)!
20180718:115:Interview初始赔率:2.60|3.15|2.50下:没有这样的赔率组合
20180718:115 ===>step 3.2): 赔率分析第2步:
20180718:115:立博i满足互咬赔率--2.6|3.2|2.55
20180718:115:Williami满足赔率--2.6|3.7|2.4
20180718:115:Williamc满足互咬赔率--2.6|3.3|2.6
20180718:115:SINAc满足互咬赔率--2.65|3.25|2.6
20180718:115:Interview-c满足互咬赔率--2.55|3.2|2.55
20180718:116:*****************<<Step 1: 基本面分析>>*****************
20180718:116:杯赛, 联赛排名不是那么重要，看最近状态和相互战绩
20180718:116:主队:卡拉巴赫(联赛排名1)-主场状态10胜3平1负
20180718:116:客队:奥林(联赛排名60)-客场状态60胜60平60负
20180718:116--卡拉巴赫|奥林交手,主队1胜0平0负
20180718:116:最近三场比赛(1):奥林(as主)进球:0|卡拉巴赫(as客)进球:1
20180718:116:最近三场比赛(2):奥林(as主)进球:60|卡拉巴赫(as客)进球:60
20180718:116:最近三场比赛(3):奥林(as主)进球:60|(as客)进球:60
20180718:116:*****************<<Step 2: 盘口分析>>*******************
20180718:116:  ===>step 2.1): 是否是变动两盘或者两盘以上的盘口?
20180718:116:  ===>step 2.2): 是否盘口有超级高水?(>=1.10)?
20180718:116:  ===>step 2.3): 判断初盘和尾盘， 各个盘口的高水(1.00<=X<=1.10)状态
WARNING:20180718:116:  ===>step 2.3): Bet10(一球1.06)|主队尾盘高水!
WARNING:20180718:116:  ===>step 2.3): Beta365(半球/一球1.0)|Wewbet(半球/一球1.12)|客队初盘高水!
WARNING:20180718:116:  ===>step 2.3): Beta365(半球/一球1.12)|澳门(半球/一球1.05)|Wewbet(半球/一球1.08)|客队尾盘高水!
20180718:116:*****************<<Step 3: 赔率分析>>*******************
20180718:116 ===>step 3.1): 赔率分析第一步:
20180718:116:LIBO初始赔率:1.62|3.75|5.50下:没有这样的赔率组合
20180718:116:William初始赔率:1.65|3.60|4.80下主队赢得概率:100.00%(4次)-平的概率：0%(0次)-输的概率：0%(0次)!
20180718:116:Bet365初始赔率:1.66|3.50|4.75下主队赢得概率:0%(0次)-平的概率：0%(0次)-输的概率：100.00%(1次)!
20180718:116:BWIN初始赔率:1.67|3.75|5.00下主队赢得概率:75.00%(3次)-平的概率：25.00%(1次)-输的概率：0%(0次)!
20180718:116:SINA初始赔率:1.65|3.70|4.75下主队赢得概率:40.00%(2次)-平的概率：40.00%(2次)-输的概率：20.00%(1次)!
20180718:116:Interview初始赔率:1.65|3.60|4.70下:没有这样的赔率组合
20180718:116 ===>step 3.2): 赔率分析第2步:
20180718:117:*****************<<Step 1: 基本面分析>>*****************
20180718:117:杯赛, 联赛排名不是那么重要，看最近状态和相互战绩
20180718:117:主队:罗森博格(联赛排名2)-主场状态3胜2平1负
20180718:117:客队:瓦路尔(联赛排名6)-客场状态0胜1平1负
20180718:117--罗森博格|瓦路尔交手,主队0胜0平1负
20180718:117:最近三场比赛(1):瓦路尔(as主)进球:1|罗森博格(as客)进球:0
20180718:117:最近三场比赛(2):瓦路尔(as主)进球:60|罗森博格(as客)进球:60
20180718:117:最近三场比赛(3):瓦路尔(as主)进球:60|(as客)进球:60
20180718:117:*****************<<Step 2: 盘口分析>>*******************
20180718:117:  ===>step 2.1): 是否是变动两盘或者两盘以上的盘口?
20180718:117:  ===>step 2.2): 是否盘口有超级高水?(>=1.10)?
20180718:117:  ===>step 2.3): 判断初盘和尾盘， 各个盘口的高水(1.00<=X<=1.10)状态
WARNING:20180718:117:  ===>step 2.3): Bet10(两球1.02)|主队初盘高水!
WARNING:20180718:117:  ===>step 2.3): Beta365(球半/两球1.0)|Bet10(球半/两球1.03)|Wewbet(球半/两球1.01)|主队尾盘高水!
20180718:117:*****************<<Step 3: 赔率分析>>*******************
20180718:117 ===>step 3.1): 赔率分析第一步:
20180718:117:LIBO初始赔率:1.20|6.50|17.00下主队赢得概率:50.00%(1次)-平的概率：0%(0次)-输的概率：50.00%(1次)!
20180718:117:William初始赔率:1.18|6.50|12.00下:没有这样的赔率组合
20180718:117:ODDSET初始赔率:1.15|6.25|8.50下主队赢得概率:66.67%(2次)-平的概率：0%(0次)-输的概率：33.33%(1次)!
20180718:117:Bet365初始赔率:1.20|6.00|11.00下主队赢得概率:0%(0次)-平的概率：0%(0次)-输的概率：100.00%(1次)!
20180718:117:BWIN初始赔率:1.18|6.50|14.00下主队赢得概率:50.00%(2次)-平的概率：50.00%(2次)-输的概率：0%(0次)!
20180718:117:SINA初始赔率:1.17|6.50|12.00下:没有这样的赔率组合
20180718:117:Interview初始赔率:1.18|6.25|11.75下:没有这样的赔率组合
20180718:117 ===>step 3.2): 赔率分析第2步:
20180718:118:*****************<<Step 1: 基本面分析>>*****************
20180718:118:杯赛, 联赛排名不是那么重要，看最近状态和相互战绩
20180718:118:主队:防御正义(联赛排名9)-主场状态7胜4平3负
20180718:118:客队:基多国民(联赛排名8)-客场状态2胜3平3负
20180718:118--防御正义|基多国民交手,主队60胜60平60负
20180718:118:最近三场比赛(1):基多国民(as主)进球:60|防御正义(as客)进球:60
20180718:118:最近三场比赛(2):基多国民(as主)进球:60|防御正义(as客)进球:60
20180718:118:最近三场比赛(3):基多国民(as主)进球:60|(as客)进球:60
20180718:118:*****************<<Step 2: 盘口分析>>*******************
20180718:118:  ===>step 2.1): 是否是变动两盘或者两盘以上的盘口?
20180718:118:  ===>step 2.2): 是否盘口有超级高水?(>=1.10)?
20180718:118:  ===>step 2.3): 判断初盘和尾盘， 各个盘口的高水(1.00<=X<=1.10)状态
WARNING:20180718:118:  ===>step 2.3): Beta365(一球/球半1.02)|Wewbet(一球/球半1.05)|主队初盘高水!
WARNING:20180718:118:  ===>step 2.3): 澳门(一球/球半1.0)|Wewbet(一球/球半1.01)|主队尾盘高水!
WARNING:20180718:118:  ===>step 2.3): Bet10(一球1.26)|客队初盘高水!
20180718:118:*****************<<Step 3: 赔率分析>>*******************
20180718:118 ===>step 3.1): 赔率分析第一步:
20180718:118:William初始赔率:1.40|4.50|7.50下主队赢得概率:100.00%(1次)-平的概率：0%(0次)-输的概率：0%(0次)!
20180718:118:Bet365初始赔率:1.44|4.20|7.50下主队赢得概率:58.82%(10次)-平的概率：29.41%(5次)-输的概率：11.76%(2次)!
20180718:118:BWIN初始赔率:1.36|4.25|7.75下:没有这样的赔率组合
20180718:118:SINA初始赔率:1.38|4.00|7.00下:没有这样的赔率组合
20180718:118:Interview初始赔率:1.41|4.25|7.40下主队赢得概率:100.00%(1次)-平的概率：0%(0次)-输的概率：0%(0次)!
20180718:118 ===>step 3.2): 赔率分析第2步:
20180718:118:William赔率没有变化1.4|4.5|7.5
20180718:118:William Only初始赔率:1.40|4.50|7.50胜:1|平0|负0
20180718:118:William Only最终赔率:1.40|4.50|7.50胜:2|平1|负0
20180718:118:竞彩赔率没有变化1.28|3.95|8.0
20180718:119:*****************<<Step 1: 基本面分析>>*****************
20180718:119:主队:塞阿拉(联赛排名19)-主场状态0胜2平2负
20180718:119:客队:累体育(联赛排名9)-客场状态2胜0平2负
20180718:119--塞阿拉|累体育交手,主队1胜2平3负
20180718:119:最近三场比赛(1):塞阿拉(as主)进球:1|累体育(as客)进球:1
20180718:119:最近三场比赛(2):累体育(as主)进球:2|塞阿拉(as客)进球:0
20180718:119:最近三场比赛(2):塞阿拉(as主)进球:4|累体育(as客)进球:1
20180718:119:*****************<<Step 2: 盘口分析>>*******************
20180718:119:  ===>step 2.1): 是否是变动两盘或者两盘以上的盘口?
WARNING:20180718:119:  ===>step 1): Beta 365主队盘口连升两级或以上-From:-0.25--->To:0.25 或者说客队连将两盘盘口
20180718:119:  ===>step 2.2): 是否盘口有超级高水?(>=1.10)?
WARNING:20180718:119:  ===>step 2.2): :澳门客队终盘超级高水:1.16(平手)--客队没可能打出来,无论强弱!!!!
20180718:119:  ===>step 2.3): 判断初盘和尾盘， 各个盘口的高水(1.00<=X<=1.10)状态
WARNING:20180718:119:  ===>step 2.3): Bet10(平手1.03)|Wewbet(平手1.01)|主队初盘高水!
WARNING:20180718:119:  ===>step 2.3): Wewbet(平手/半球1.0)|主队尾盘高水!
WARNING:20180718:119:  ===>step 2.3): Beta365(受平手/半球1.12)|澳门(平手1.02)|客队初盘高水!
WARNING:20180718:119:  ===>step 2.3): 澳门(平手1.16)|客队尾盘高水!
20180718:119:*****************<<Step 3: 赔率分析>>*******************
20180718:119 ===>step 3.1): 赔率分析第一步:
20180718:119:LIBO初始赔率:2.80|3.00|2.50下主队赢得概率:16.67%(1次)-平的概率：50.00%(3次)-输的概率：33.33%(2次)!
20180718:119:William初始赔率:2.75|3.10|2.50下主队赢得概率:0%(0次)-平的概率：0%(0次)-输的概率：100.00%(2次)!
20180718:119:Bet365初始赔率:3.00|3.00|2.50下主队赢得概率:9.09%(1次)-平的概率：54.55%(6次)-输的概率：36.36%(4次)!
20180718:119:BWIN初始赔率:2.95|2.95|2.50下:没有这样的赔率组合
20180718:119:SINA初始赔率:2.90|3.00|2.45下主队赢得概率:0%(0次)-平的概率：0%(0次)-输的概率：100.00%(1次)!
20180718:119:Interview初始赔率:2.85|3.10|2.45下主队赢得概率:0%(0次)-平的概率：50.00%(1次)-输的概率：50.00%(1次)!
20180718:119 ===>step 3.2): 赔率分析第2步:
20180718:120:*****************<<Step 1: 基本面分析>>*****************
20180718:120:主队:费城(联赛排名16)-主场状态3胜2平1负
20180718:120:客队:奥兰多(联赛排名9)-客场状态2胜0平2负
20180718:120--费城|奥兰多交手,主队3胜4平3负
20180718:120:最近三场比赛(1):费城(as主)进球:0|奥兰多(as客)进球:2
20180718:120:最近三场比赛(2):费城(as主)进球:6|奥兰多(as客)进球:1
20180718:120:最近三场比赛(3):奥兰多(as主)进球:2|(as客)进球:1
20180718:120:*****************<<Step 2: 盘口分析>>*******************
20180718:120:  ===>step 2.1): 是否是变动两盘或者两盘以上的盘口?
20180718:120:  ===>step 2.2): 是否盘口有超级高水?(>=1.10)?
20180718:120:  ===>step 2.3): 判断初盘和尾盘， 各个盘口的高水(1.00<=X<=1.10)状态
WARNING:20180718:120:  ===>step 2.3): 澳门(一球1.0)|主队初盘高水!
WARNING:20180718:120:  ===>step 2.3): 澳门(一球1.02)|主队尾盘高水!
WARNING:20180718:120:  ===>step 2.3): Beta365(半球/一球1.0)|Bet10(半球/一球1.02)|Wewbet(半球/一球1.06)|客队初盘高水!
WARNING:20180718:120:  ===>step 2.3): Beta365(半球/一球1.02)|Bet10(半球/一球1.06)|Wewbet(半球/一球1.07)|客队尾盘高水!
20180718:120:*****************<<Step 3: 赔率分析>>*******************
20180718:120 ===>step 3.1): 赔率分析第一步:
20180718:120:LIBO初始赔率:1.62|3.80|4.40下:没有这样的赔率组合
20180718:120:Interview初始赔率:1.55|4.05|4.95下:没有这样的赔率组合
20180718:120 ===>step 3.2): 赔率分析第2步:
20180718:121:*****************<<Step 1: 基本面分析>>*****************
20180718:121:主队:维多利亚(联赛排名14)-主场状态1胜1平1负
20180718:121:客队:巴拉纳(联赛排名20)-客场状态0胜1平2负
20180718:121--维多利亚|巴拉纳交手,主队4胜3平3负
20180718:121:最近三场比赛(1):巴拉纳(as主)进球:0|维多利亚(as客)进球:0
20180718:121:最近三场比赛(2):维多利亚(as主)进球:0|巴拉纳(as客)进球:2
20180718:121:最近三场比赛(2):维多利亚(as主)进球:1|巴拉纳(as客)进球:1
20180718:121:*****************<<Step 2: 盘口分析>>*******************
20180718:121:  ===>step 2.1): 是否是变动两盘或者两盘以上的盘口?
20180718:121:  ===>step 2.2): 是否盘口有超级高水?(>=1.10)?
20180718:121:  ===>step 2.3): 判断初盘和尾盘， 各个盘口的高水(1.00<=X<=1.10)状态
WARNING:20180718:121:  ===>step 2.3): Beta365(半球/一球1.02)|Bet10(半球/一球1.03)|主队初盘高水!
WARNING:20180718:121:  ===>step 2.3): Wewbet(半球1.04)|客队初盘高水!
WARNING:20180718:121:  ===>step 2.3): Beta365(半球1.0)|Bet10(半球1.03)|Wewbet(半球1.02)|客队尾盘高水!
20180718:121:*****************<<Step 3: 赔率分析>>*******************
20180718:121 ===>step 3.1): 赔率分析第一步:
20180718:121:LIBO初始赔率:1.73|3.20|5.20下:没有这样的赔率组合
20180718:121:William初始赔率:1.70|3.30|5.00下主队赢得概率:0%(0次)-平的概率：50.00%(1次)-输的概率：50.00%(1次)!
20180718:121:Bet365初始赔率:1.75|3.20|5.50下:没有这样的赔率组合
20180718:121:BWIN初始赔率:1.75|3.10|5.25下:没有这样的赔率组合
20180718:121:SINA初始赔率:1.73|3.20|5.25下:没有这样的赔率组合
20180718:121:Interview初始赔率:1.75|3.25|4.95下:没有这样的赔率组合
20180718:121 ===>step 3.2): 赔率分析第2步:
20180718:121:竞彩赔率没有变化1.62|3.2|4.35
20180718:122:*****************<<Step 1: 基本面分析>>*****************
20180718:122:主队:明尼苏达(联赛排名14)-主场状态4胜1平2负
20180718:122:客队:新英格兰(联赛排名11)-客场状态1胜2平2负
20180718:122--明尼苏达|新英格兰交手,主队0胜0平1负
20180718:122:最近三场比赛(1):新英格兰(as主)进球:5|明尼苏达(as客)进球:2
20180718:122:最近三场比赛(2):新英格兰(as主)进球:60|明尼苏达(as客)进球:60
20180718:122:最近三场比赛(3):新英格兰(as主)进球:60|(as客)进球:60
20180718:122:*****************<<Step 2: 盘口分析>>*******************
20180718:122:  ===>step 2.1): 是否是变动两盘或者两盘以上的盘口?
20180718:122:  ===>step 2.2): 是否盘口有超级高水?(>=1.10)?
20180718:122:  ===>step 2.3): 判断初盘和尾盘， 各个盘口的高水(1.00<=X<=1.10)状态
WARNING:20180718:122:  ===>step 2.3): Beta365(平手/半球1.02)|Bet10(平手/半球1.04)|Wewbet(平手/半球1.05)|主队初盘高水!
WARNING:20180718:122:  ===>step 2.3): Beta365(平手/半球1.05)|Bet10(平手/半球1.08)|Wewbet(平手/半球1.07)|主队尾盘高水!
20180718:122:*****************<<Step 3: 赔率分析>>*******************
20180718:122 ===>step 3.1): 赔率分析第一步:
20180718:122:LIBO初始赔率:2.15|3.50|2.90下:没有这样的赔率组合
20180718:122:William初始赔率:2.25|3.90|2.70下:没有这样的赔率组合
20180718:122:Bet365初始赔率:2.30|3.75|2.75下:没有这样的赔率组合
20180718:122:Interview初始赔率:2.15|3.65|2.90下:没有这样的赔率组合
20180718:122 ===>step 3.2): 赔率分析第2步:
20180718:122:竞彩赔率没有变化1.97|3.4|2.8
20180718:123:*****************<<Step 1: 基本面分析>>*****************
20180718:123:主队:休斯敦(联赛排名10)-主场状态4胜0平2负
20180718:123:客队:堪萨斯城(联赛排名1)-客场状态3胜2平1负
20180718:123--休斯敦|堪萨斯城交手,主队4胜4平2负
20180718:123:最近三场比赛(1):堪萨斯城(as主)进球:3|休斯敦(as客)进球:2
20180718:123:最近三场比赛(2):堪萨斯城(as主)进球:0|休斯敦(as客)进球:0
20180718:123:最近三场比赛(3):堪萨斯城(as主)进球:0|(as客)进球:0
20180718:123:*****************<<Step 2: 盘口分析>>*******************
20180718:123:  ===>step 2.1): 是否是变动两盘或者两盘以上的盘口?
20180718:123:  ===>step 2.2): 是否盘口有超级高水?(>=1.10)?
20180718:123:  ===>step 2.3): 判断初盘和尾盘， 各个盘口的高水(1.00<=X<=1.10)状态
WARNING:20180718:123:  ===>step 2.3): Wewbet(半球1.02)|主队初盘高水!
WARNING:20180718:123:  ===>step 2.3): Beta365(半球1.02)|Bet10(半球1.06)|Wewbet(半球1.09)|主队尾盘高水!
20180718:123:*****************<<Step 3: 赔率分析>>*******************
20180718:123 ===>step 3.1): 赔率分析第一步:
20180718:123:LIBO初始赔率:1.91|3.40|3.40下:没有这样的赔率组合
20180718:123:William初始赔率:2.00|3.60|3.10下主队赢得概率:50.00%(1次)-平的概率：0%(0次)-输的概率：50.00%(1次)!
20180718:123:Bet365初始赔率:1.90|3.60|3.80下主队赢得概率:40.00%(4次)-平的概率：40.00%(4次)-输的概率：20.00%(2次)!
20180718:123:SINA初始赔率:1.90|3.55|3.30下:没有这样的赔率组合
20180718:123 ===>step 3.2): 赔率分析第2步:
20180718:123:竞彩赔率没有变化1.86|3.5|3.0
20180718:124:*****************<<Step 1: 基本面分析>>*****************
20180718:124:杯赛, 联赛排名不是那么重要，看最近状态和相互战绩
20180718:124:主队:卡利(联赛排名60)-主场状态60胜60平60负
20180718:124:客队:玻利瓦尔(联赛排名60)-客场状态60胜60平60负
20180718:124--卡利|玻利瓦尔交手,主队0胜1平1负
20180718:124:最近三场比赛(1):卡利(as主)进球:1|玻利瓦尔(as客)进球:1
20180718:124:最近三场比赛(2):玻利瓦尔(as主)进球:5|卡利(as客)进球:0
20180718:124:最近三场比赛(3):玻利瓦尔(as主)进球:60|(as客)进球:60
20180718:124:*****************<<Step 2: 盘口分析>>*******************
20180718:124:  ===>step 2.1): 是否是变动两盘或者两盘以上的盘口?
20180718:124:  ===>step 2.2): 是否盘口有超级高水?(>=1.10)?
20180718:124:  ===>step 2.3): 判断初盘和尾盘， 各个盘口的高水(1.00<=X<=1.10)状态
WARNING:20180718:124:  ===>step 2.3): Wewbet(一球/球半1.0)|主队初盘高水!
WARNING:20180718:124:  ===>step 2.3): Beta365(一球/球半1.0)|Wewbet(一球/球半1.02)|主队尾盘高水!
20180718:124:*****************<<Step 3: 赔率分析>>*******************
20180718:124 ===>step 3.1): 赔率分析第一步:
20180718:124:William初始赔率:1.40|4.33|8.00下主队赢得概率:100.00%(2次)-平的概率：0%(0次)-输的概率：0%(0次)!
20180718:124:Bet365初始赔率:1.33|4.50|8.00下主队赢得概率:100.00%(1次)-平的概率：0%(0次)-输的概率：0%(0次)!
20180718:124:BWIN初始赔率:1.34|4.25|8.25下:没有这样的赔率组合
20180718:124:SINA初始赔率:1.28|4.50|8.50下:没有这样的赔率组合
20180718:124:Interview初始赔率:1.33|4.70|8.60下:没有这样的赔率组合
20180718:124 ===>step 3.2): 赔率分析第2步:
20180718:124:William赔率没有变化1.4|4.33|8.0
20180718:124:William Only初始赔率:1.40|4.33|8.00胜:2|平0|负0
20180718:124:William Only最终赔率:1.40|4.33|8.00胜:1|平0|负0
20180718:124:BWIN赔率没有变化1.34|4.25|8.25
20180718:125:*****************<<Step 1: 基本面分析>>*****************
20180718:125:杯赛, 联赛排名不是那么重要，看最近状态和相互战绩
20180718:125:主队:美洲太阳(联赛排名6)-主场状态5胜2平3负
20180718:125:客队:蒙国民(联赛排名60)-客场状态60胜60平60负
20180718:125--美洲太阳|蒙国民交手,主队60胜60平60负
20180718:125:最近三场比赛(1):蒙国民(as主)进球:60|美洲太阳(as客)进球:60
20180718:125:最近三场比赛(2):蒙国民(as主)进球:60|美洲太阳(as客)进球:60
20180718:125:最近三场比赛(3):蒙国民(as主)进球:60|(as客)进球:60
20180718:125:*****************<<Step 2: 盘口分析>>*******************
20180718:125:  ===>step 2.1): 是否是变动两盘或者两盘以上的盘口?
20180718:125:  ===>step 2.2): 是否盘口有超级高水?(>=1.10)?
20180718:125:  ===>step 2.3): 判断初盘和尾盘， 各个盘口的高水(1.00<=X<=1.10)状态
WARNING:20180718:125:  ===>step 2.3): Beta365(平手/半球1.15)|Bet10(平手/半球1.12)|Wewbet(平手/半球1.16)|主队初盘高水!
WARNING:20180718:125:  ===>step 2.3): Wewbet(平手/半球1.14)|主队尾盘高水!
WARNING:20180718:125:  ===>step 2.3): Beta365(平手1.1)|澳门(平手1.02)|Bet10(平手1.09)|客队尾盘高水!
20180718:125:*****************<<Step 3: 赔率分析>>*******************
20180718:125 ===>step 3.1): 赔率分析第一步:
20180718:125:William初始赔率:2.50|3.20|2.80下主队赢得概率:0%(0次)-平的概率：100.00%(1次)-输的概率：0%(0次)!
20180718:125:ODDSET初始赔率:2.65|2.80|2.35下主队赢得概率:33.33%(1次)-平的概率：33.33%(1次)-输的概率：33.33%(1次)!
20180718:125:Bet365初始赔率:2.40|3.10|2.80下:没有这样的赔率组合
20180718:125:BWIN初始赔率:2.65|3.00|2.60下:没有这样的赔率组合
20180718:125:SINA初始赔率:2.45|3.05|2.65下主队赢得概率:0%(0次)-平的概率：0%(0次)-输的概率：100.00%(1次)!
20180718:125:Interview初始赔率:2.50|3.15|2.75下主队赢得概率:100.00%(1次)-平的概率：0%(0次)-输的概率：0%(0次)!
20180718:125 ===>step 3.2): 赔率分析第2步:
20180718:125:William赔率没有变化2.5|3.2|2.8
20180718:125:William Only初始赔率:2.50|3.20|2.80胜:0|平1|负0
20180718:125:William Only最终赔率:2.50|3.20|2.80胜:2|平3|负1
20180718:125:SINAi满足赔率--2.45|3.05|2.65
20180718:125:BWINi满足互咬赔率--2.65|3.0|2.6
20180718:126:*****************<<Step 1: 基本面分析>>*****************
20180718:126:主队:科林蒂安(联赛排名6)-主场状态2胜1平0负
20180718:126:客队:博塔弗戈(联赛排名12)-客场状态0胜1平2负
20180718:126--科林蒂安|博塔弗戈交手,主队2胜3平5负
20180718:126:最近三场比赛(1):博塔弗戈(as主)进球:2|科林蒂安(as客)进球:1
20180718:126:最近三场比赛(2):科林蒂安(as主)进球:1|博塔弗戈(as客)进球:0
20180718:126:最近三场比赛(3):博塔弗戈(as主)进球:2|(as客)进球:0
20180718:126:*****************<<Step 2: 盘口分析>>*******************
20180718:126:  ===>step 2.1): 是否是变动两盘或者两盘以上的盘口?
20180718:126:  ===>step 2.2): 是否盘口有超级高水?(>=1.10)?
20180718:126:  ===>step 2.3): 判断初盘和尾盘， 各个盘口的高水(1.00<=X<=1.10)状态
WARNING:20180718:126:  ===>step 2.3): Beta365(半球1.0)|Bet10(半球1.02)|客队初盘高水!
WARNING:20180718:126:  ===>step 2.3): Beta365(半球1.02)|Bet10(半球1.07)|Wewbet(半球1.06)|客队尾盘高水!
20180718:126:*****************<<Step 3: 赔率分析>>*******************
20180718:126 ===>step 3.1): 赔率分析第一步:
20180718:126:LIBO初始赔率:1.83|3.20|4.40下主队赢得概率:100.00%(1次)-平的概率：0%(0次)-输的概率：0%(0次)!
20180718:126:William初始赔率:1.83|3.25|4.33下主队赢得概率:0%(0次)-平的概率：0%(0次)-输的概率：100.00%(1次)!
20180718:126:Bet365初始赔率:1.85|3.30|4.50下主队赢得概率:50.00%(8次)-平的概率：18.75%(3次)-输的概率：31.25%(5次)!
20180718:126:BWIN初始赔率:1.83|3.25|4.40下主队赢得概率:100.00%(1次)-平的概率：0%(0次)-输的概率：0%(0次)!
20180718:126:SINA初始赔率:1.83|3.25|4.50下:没有这样的赔率组合
20180718:126:Interview初始赔率:1.80|3.40|4.30下:没有这样的赔率组合
20180718:126 ===>step 3.2): 赔率分析第2步:
20180718:126:Williami满足赔率--1.83|3.25|4.33
20180718:126:BWIN赔率没有变化1.83|3.25|4.4
20180718:126:BWIN Only初始赔率:1.83|3.25|4.40胜:1|平0|负0
20180718:127:*****************<<Step 1: 基本面分析>>*****************
20180718:127:主队:弗拉门戈(联赛排名1)-主场状态2胜1平0负
20180718:127:客队:圣保罗(联赛排名3)-客场状态1胜3平0负
20180718:127--弗拉门戈|圣保罗交手,主队3胜3平4负
20180718:127:最近三场比赛(1):圣保罗(as主)进球:2|弗拉门戈(as客)进球:0
20180718:127:最近三场比赛(2):弗拉门戈(as主)进球:2|圣保罗(as客)进球:0
20180718:127:最近三场比赛(3):圣保罗(as主)进球:0|(as客)进球:0
20180718:127:*****************<<Step 2: 盘口分析>>*******************
20180718:127:  ===>step 2.1): 是否是变动两盘或者两盘以上的盘口?
20180718:127:  ===>step 2.2): 是否盘口有超级高水?(>=1.10)?
20180718:127:  ===>step 2.3): 判断初盘和尾盘， 各个盘口的高水(1.00<=X<=1.10)状态
WARNING:20180718:127:  ===>step 2.3): Beta365(半球1.02)|Bet10(半球1.06)|Wewbet(半球1.07)|主队尾盘高水!
WARNING:20180718:127:  ===>step 2.3): Beta365(半球1.1)|Bet10(半球1.07)|Wewbet(半球1.03)|客队初盘高水!
20180718:127:*****************<<Step 3: 赔率分析>>*******************
20180718:127 ===>step 3.1): 赔率分析第一步:
20180718:127:LIBO初始赔率:1.80|3.25|4.60下主队赢得概率:100.00%(1次)-平的概率：0%(0次)-输的概率：0%(0次)!
20180718:127:William初始赔率:1.85|3.25|4.20下主队赢得概率:0%(0次)-平的概率：50.00%(1次)-输的概率：50.00%(1次)!
20180718:127:Bet365初始赔率:1.83|3.40|4.50下主队赢得概率:50.00%(11次)-平的概率：36.36%(8次)-输的概率：13.64%(3次)!
20180718:127:BWIN初始赔率:1.80|3.30|4.50下主队赢得概率:100.00%(2次)-平的概率：0%(0次)-输的概率：0%(0次)!
20180718:127:SINA初始赔率:1.77|3.35|4.50下:没有这样的赔率组合
20180718:127:Interview初始赔率:1.77|3.45|4.50下:没有这样的赔率组合
20180718:127 ===>step 3.2): 赔率分析第2步:
20180718:127:BWIN赔率没有变化1.8|3.3|4.5
20180718:127:BWIN Only初始赔率:1.80|3.30|4.50胜:2|平0|负0
20180718:128:*****************<<Step 1: 基本面分析>>*****************
20180718:128:主队:格雷米奥(联赛排名5)-主场状态1胜2平0负
20180718:128:客队:米竞技(联赛排名4)-客场状态1胜1平1负
20180718:128--格雷米奥|米竞技交手,主队6胜3平1负
20180718:128:最近三场比赛(1):米竞技(as主)进球:4|格雷米奥(as客)进球:3
20180718:128:最近三场比赛(2):格雷米奥(as主)进球:2|米竞技(as客)进球:0
20180718:128:最近三场比赛(2):格雷米奥(as主)进球:1|米竞技(as客)进球:1
20180718:128:*****************<<Step 2: 盘口分析>>*******************
20180718:128:  ===>step 2.1): 是否是变动两盘或者两盘以上的盘口?
WARNING:20180718:128:  ===>step 1): Beta 365主队盘口连升两级或以上-From:0.25--->To:0.75 或者说客队连将两盘盘口
WARNING:20180718:128:  ===>step 1): Bet 10主队盘口连升两级或以上-From:0.25--->To:0.75 或者说客队连将两盘盘口
20180718:128:  ===>step 2.2): 是否盘口有超级高水?(>=1.10)?
WARNING:20180718:128:  ===>step 2.2): :澳门客队终盘超级高水:1.12(半球)--客队没可能打出来,无论强弱!!!!
20180718:128:  ===>step 2.3): 判断初盘和尾盘， 各个盘口的高水(1.00<=X<=1.10)状态
WARNING:20180718:128:  ===>step 2.3): 澳门(半球1.04)|客队初盘高水!
WARNING:20180718:128:  ===>step 2.3): 澳门(半球1.12)|客队尾盘高水!
20180718:128:*****************<<Step 3: 赔率分析>>*******************
20180718:128 ===>step 3.1): 赔率分析第一步:
20180718:128:LIBO初始赔率:2.20|3.10|3.25下主队赢得概率:50.00%(2次)-平的概率：25.00%(1次)-输的概率：25.00%(1次)!
20180718:128:William初始赔率:2.15|3.20|3.25下:没有这样的赔率组合
20180718:128:Bet365初始赔率:2.25|3.10|3.40下主队赢得概率:43.48%(10次)-平的概率：21.74%(5次)-输的概率：34.78%(8次)!
20180718:128:BWIN初始赔率:2.20|3.10|3.30下主队赢得概率:100.00%(1次)-平的概率：0%(0次)-输的概率：0%(0次)!
20180718:128:SINA初始赔率:2.20|3.10|3.30下主队赢得概率:100.00%(1次)-平的概率：0%(0次)-输的概率：0%(0次)!
20180718:128:Interview初始赔率:2.15|3.15|3.35下主队赢得概率:66.67%(2次)-平的概率：0%(0次)-输的概率：33.33%(1次)!
20180718:128 ===>step 3.2): 赔率分析第2步:
20180718:129:*****************<<Step 1: 基本面分析>>*****************
20180718:129:主队:洛杉矶F(联赛排名6)-主场状态2胜3平0负
20180718:129:客队:波特兰(联赛排名8)-客场状态2胜2平3负
20180718:129--洛杉矶F|波特兰交手,主队0胜1平1负
20180718:129:最近三场比赛(1):洛杉矶F(as主)进球:0|波特兰(as客)进球:0
20180718:129:最近三场比赛(2):波特兰(as主)进球:2|洛杉矶F(as客)进球:1
20180718:129:最近三场比赛(3):波特兰(as主)进球:60|(as客)进球:60
20180718:129:*****************<<Step 2: 盘口分析>>*******************
20180718:129:  ===>step 2.1): 是否是变动两盘或者两盘以上的盘口?
20180718:129:  ===>step 2.2): 是否盘口有超级高水?(>=1.10)?
20180718:129:  ===>step 2.3): 判断初盘和尾盘， 各个盘口的高水(1.00<=X<=1.10)状态
WARNING:20180718:129:  ===>step 2.3): Wewbet(半球/一球1.0)|主队初盘高水!
WARNING:20180718:129:  ===>step 2.3): Bet10(半球1.0)|客队初盘高水!
WARNING:20180718:129:  ===>step 2.3): Bet10(半球/一球1.04)|Wewbet(半球/一球1.0)|客队尾盘高水!
20180718:129:*****************<<Step 3: 赔率分析>>*******************
20180718:129 ===>step 3.1): 赔率分析第一步:
20180718:129:LIBO初始赔率:1.70|3.70|4.00下:没有这样的赔率组合
20180718:129:Bet365初始赔率:1.70|4.00|4.33下主队赢得概率:100.00%(1次)-平的概率：0%(0次)-输的概率：0%(0次)!
20180718:129:BWIN初始赔率:1.75|3.70|3.75下:没有这样的赔率组合
20180718:129:SINA初始赔率:1.70|3.65|3.90下:没有这样的赔率组合
20180718:129:Interview初始赔率:1.80|3.60|3.85下:没有这样的赔率组合
20180718:129 ===>step 3.2): 赔率分析第2步:
20180718:129:立博赔率没有变化1.7|3.7|4.0
20180718:129:LIBO Only最终赔率:1.70|3.70|4.00 胜:0|平0|负1
20180718:129:Beta 365i满足赔率--1.7|4.0|4.33
